<?xml version="1.0" encoding="UTF-8"?>
<!-- Generated by org.testng.reporters.JUnitXMLReporter -->
<testsuite ignored="0" hostname="DESKTOP-F5DJDU5" failures="0" tests="3" name="VerifySignInButtonPresence" time="19.691" errors="0" timestamp="2024-07-18T10:32:07 IST">
  <testcase classname="testcases.StoreEntryTest" name="VerifySignInButtonPresence" time="3.231"/>
  <testcase classname="testcases.StoreEntryTest" name="VerifyStoreEntryTitle" time="5.145"/>
  <testcase classname="testcases.StoreEntryTest" name="Verifylogin" time="11.195"/>
</testsuite> <!-- VerifySignInButtonPresence -->
