<?xml version="1.0" encoding="UTF-8"?>
<!-- Generated by org.testng.reporters.JUnitXMLReporter -->
<testsuite ignored="1" hostname="AAPDyOVVbECDsDj" failures="0" tests="1" name="verifyAllPets" time="0.011" errors="0" timestamp="2024-06-10T13:50:35 IST">
  <testcase classname="testcases.DashBoardTest" name="verifyAllPets" time="0.0">
    <skipped/>
  </testcase> <!-- verifyAllPets -->
  <testcase classname="testcases.DashBoardTest" name="verifyAvailablePets" time="0.0">
    <ignored/>
  </testcase> <!-- verifyAvailablePets -->
</testsuite> <!-- verifyAllPets -->
