<?xml version="1.0" encoding="UTF-8"?>
<testng-results ignored="0" total="6" passed="5" failed="1" skipped="0">
  <reporter-output>
  </reporter-output>
  <suite started-at="2024-06-07T13:27:28 IST" name="JPetStore" finished-at="2024-06-07T13:28:32 IST" duration-ms="64079">
    <groups>
    </groups>
    <test started-at="2024-06-07T13:27:28 IST" name="VerifyHomePageTitle" finished-at="2024-06-07T13:27:35 IST" duration-ms="7088">
      <class name="testcases.HomePageTest">
        <test-method is-config="true" signature="beforeTest(org.testng.ITestContext)[pri:0, instance:testcases.HomePageTest@303cf2ba]" started-at="2024-06-07T13:27:28 IST" name="beforeTest" finished-at="2024-06-07T13:27:29 IST" duration-ms="582" status="PASS">
          <params>
            <param index="0">
              <value>
                <![CDATA[org.testng.TestRunner@5940b14e]]>
              </value>
            </param>
          </params>
          <reporter-output>
          </reporter-output>
        </test-method> <!-- beforeTest -->
        <test-method is-config="true" signature="beforeMethod(org.testng.ITestContext)[pri:0, instance:testcases.HomePageTest@303cf2ba]" started-at="2024-06-07T13:27:29 IST" name="beforeMethod" finished-at="2024-06-07T13:27:29 IST" duration-ms="0" status="PASS">
          <params>
            <param index="0">
              <value>
                <![CDATA[org.testng.TestRunner@5940b14e]]>
              </value>
            </param>
          </params>
          <reporter-output>
          </reporter-output>
        </test-method> <!-- beforeMethod -->
        <test-method signature="VerifyHomePageTitle(java.lang.String,java.lang.String)[pri:0, instance:testcases.HomePageTest@303cf2ba]" started-at="2024-06-07T13:27:29 IST" name="VerifyHomePageTitle" data-provider="dp" finished-at="2024-06-07T13:27:35 IST" duration-ms="6042" status="PASS">
          <params>
            <param index="0">
              <value>
                <![CDATA[chrome]]>
              </value>
            </param>
            <param index="1">
              <value>
                <![CDATA[Y]]>
              </value>
            </param>
          </params>
          <reporter-output>
          </reporter-output>
        </test-method> <!-- VerifyHomePageTitle -->
        <test-method is-config="true" signature="quit(org.testng.ITestContext)[pri:0, instance:testcases.HomePageTest@303cf2ba]" started-at="2024-06-07T13:27:35 IST" name="quit" finished-at="2024-06-07T13:27:35 IST" duration-ms="358" status="PASS">
          <params>
            <param index="0">
              <value>
                <![CDATA[org.testng.TestRunner@5940b14e]]>
              </value>
            </param>
          </params>
          <reporter-output>
          </reporter-output>
        </test-method> <!-- quit -->
      </class> <!-- testcases.HomePageTest -->
    </test> <!-- VerifyHomePageTitle -->
    <test started-at="2024-06-07T13:27:35 IST" name="VerifySignInButtonPresence" finished-at="2024-06-07T13:27:42 IST" duration-ms="6636">
      <class name="testcases.StoreEntryTest">
        <test-method is-config="true" signature="beforeTest(org.testng.ITestContext)[pri:0, instance:testcases.StoreEntryTest@f1da57d]" started-at="2024-06-07T13:27:35 IST" name="beforeTest" finished-at="2024-06-07T13:27:35 IST" duration-ms="2" status="PASS">
          <params>
            <param index="0">
              <value>
                <![CDATA[org.testng.TestRunner@1cba0321]]>
              </value>
            </param>
          </params>
          <reporter-output>
          </reporter-output>
        </test-method> <!-- beforeTest -->
        <test-method is-config="true" signature="beforeMethod(org.testng.ITestContext)[pri:0, instance:testcases.StoreEntryTest@f1da57d]" started-at="2024-06-07T13:27:35 IST" name="beforeMethod" finished-at="2024-06-07T13:27:35 IST" duration-ms="0" status="PASS">
          <params>
            <param index="0">
              <value>
                <![CDATA[org.testng.TestRunner@1cba0321]]>
              </value>
            </param>
          </params>
          <reporter-output>
          </reporter-output>
        </test-method> <!-- beforeMethod -->
        <test-method signature="VerifySignInButtonPresence(java.lang.String,java.lang.String,java.lang.String,java.lang.String)[pri:0, instance:testcases.StoreEntryTest@f1da57d]" started-at="2024-06-07T13:27:35 IST" name="VerifySignInButtonPresence" data-provider="dp" finished-at="2024-06-07T13:27:42 IST" duration-ms="6494" status="PASS">
          <params>
            <param index="0">
              <value>
                <![CDATA[chrome]]>
              </value>
            </param>
            <param index="1">
              <value>
                <![CDATA[Y]]>
              </value>
            </param>
            <param index="2">
              <value>
                <![CDATA[j2ee]]>
              </value>
            </param>
            <param index="3">
              <value>
                <![CDATA[j2ee]]>
              </value>
            </param>
          </params>
          <reporter-output>
          </reporter-output>
        </test-method> <!-- VerifySignInButtonPresence -->
        <test-method is-config="true" signature="quit(org.testng.ITestContext)[pri:0, instance:testcases.StoreEntryTest@f1da57d]" started-at="2024-06-07T13:27:42 IST" name="quit" finished-at="2024-06-07T13:27:42 IST" duration-ms="131" status="PASS">
          <params>
            <param index="0">
              <value>
                <![CDATA[org.testng.TestRunner@1cba0321]]>
              </value>
            </param>
          </params>
          <reporter-output>
          </reporter-output>
        </test-method> <!-- quit -->
      </class> <!-- testcases.StoreEntryTest -->
    </test> <!-- VerifySignInButtonPresence -->
    <test started-at="2024-06-07T13:27:42 IST" name="VerifyStoreEntryTitle" finished-at="2024-06-07T13:27:50 IST" duration-ms="8215">
      <class name="testcases.StoreEntryTest">
        <test-method is-config="true" signature="beforeTest(org.testng.ITestContext)[pri:0, instance:testcases.StoreEntryTest@790da477]" started-at="2024-06-07T13:27:42 IST" name="beforeTest" finished-at="2024-06-07T13:27:42 IST" duration-ms="2" status="PASS">
          <params>
            <param index="0">
              <value>
                <![CDATA[org.testng.TestRunner@795f6681]]>
              </value>
            </param>
          </params>
          <reporter-output>
          </reporter-output>
        </test-method> <!-- beforeTest -->
        <test-method is-config="true" signature="beforeMethod(org.testng.ITestContext)[pri:0, instance:testcases.StoreEntryTest@790da477]" started-at="2024-06-07T13:27:42 IST" name="beforeMethod" finished-at="2024-06-07T13:27:42 IST" duration-ms="0" status="PASS">
          <params>
            <param index="0">
              <value>
                <![CDATA[org.testng.TestRunner@795f6681]]>
              </value>
            </param>
          </params>
          <reporter-output>
          </reporter-output>
        </test-method> <!-- beforeMethod -->
        <test-method signature="VerifyStoreEntryTitle(java.lang.String,java.lang.String,java.lang.String,java.lang.String)[pri:0, instance:testcases.StoreEntryTest@790da477]" started-at="2024-06-07T13:27:42 IST" name="VerifyStoreEntryTitle" data-provider="dp" finished-at="2024-06-07T13:27:50 IST" duration-ms="8007" status="PASS">
          <params>
            <param index="0">
              <value>
                <![CDATA[chrome]]>
              </value>
            </param>
            <param index="1">
              <value>
                <![CDATA[Y]]>
              </value>
            </param>
            <param index="2">
              <value>
                <![CDATA[j2ee]]>
              </value>
            </param>
            <param index="3">
              <value>
                <![CDATA[j2ee]]>
              </value>
            </param>
          </params>
          <reporter-output>
          </reporter-output>
        </test-method> <!-- VerifyStoreEntryTitle -->
        <test-method is-config="true" signature="quit(org.testng.ITestContext)[pri:0, instance:testcases.StoreEntryTest@790da477]" started-at="2024-06-07T13:27:50 IST" name="quit" finished-at="2024-06-07T13:27:50 IST" duration-ms="196" status="PASS">
          <params>
            <param index="0">
              <value>
                <![CDATA[org.testng.TestRunner@795f6681]]>
              </value>
            </param>
          </params>
          <reporter-output>
          </reporter-output>
        </test-method> <!-- quit -->
      </class> <!-- testcases.StoreEntryTest -->
    </test> <!-- VerifyStoreEntryTitle -->
    <test started-at="2024-06-07T13:27:50 IST" name="Verifylogin" finished-at="2024-06-07T13:28:05 IST" duration-ms="15276">
      <class name="testcases.StoreEntryTest">
        <test-method is-config="true" signature="beforeTest(org.testng.ITestContext)[pri:0, instance:testcases.StoreEntryTest@5fb759d6]" started-at="2024-06-07T13:27:50 IST" name="beforeTest" finished-at="2024-06-07T13:27:50 IST" duration-ms="2" status="PASS">
          <params>
            <param index="0">
              <value>
                <![CDATA[org.testng.TestRunner@66d3b881]]>
              </value>
            </param>
          </params>
          <reporter-output>
          </reporter-output>
        </test-method> <!-- beforeTest -->
        <test-method is-config="true" signature="beforeMethod(org.testng.ITestContext)[pri:0, instance:testcases.StoreEntryTest@5fb759d6]" started-at="2024-06-07T13:27:50 IST" name="beforeMethod" finished-at="2024-06-07T13:27:50 IST" duration-ms="0" status="PASS">
          <params>
            <param index="0">
              <value>
                <![CDATA[org.testng.TestRunner@66d3b881]]>
              </value>
            </param>
          </params>
          <reporter-output>
          </reporter-output>
        </test-method> <!-- beforeMethod -->
        <test-method signature="Verifylogin(java.lang.String,java.lang.String,java.lang.String,java.lang.String)[pri:0, instance:testcases.StoreEntryTest@5fb759d6]" started-at="2024-06-07T13:27:50 IST" name="Verifylogin" data-provider="dp" finished-at="2024-06-07T13:28:04 IST" duration-ms="14163" status="PASS">
          <params>
            <param index="0">
              <value>
                <![CDATA[chrome]]>
              </value>
            </param>
            <param index="1">
              <value>
                <![CDATA[Y]]>
              </value>
            </param>
            <param index="2">
              <value>
                <![CDATA[j2ee]]>
              </value>
            </param>
            <param index="3">
              <value>
                <![CDATA[j2ee]]>
              </value>
            </param>
          </params>
          <reporter-output>
          </reporter-output>
        </test-method> <!-- Verifylogin -->
        <test-method is-config="true" signature="quit(org.testng.ITestContext)[pri:0, instance:testcases.StoreEntryTest@5fb759d6]" started-at="2024-06-07T13:28:04 IST" name="quit" finished-at="2024-06-07T13:28:05 IST" duration-ms="1105" status="PASS">
          <params>
            <param index="0">
              <value>
                <![CDATA[org.testng.TestRunner@66d3b881]]>
              </value>
            </param>
          </params>
          <reporter-output>
          </reporter-output>
        </test-method> <!-- quit -->
      </class> <!-- testcases.StoreEntryTest -->
    </test> <!-- Verifylogin -->
    <test started-at="2024-06-07T13:28:05 IST" name="verifyAvailablePets" finished-at="2024-06-07T13:28:18 IST" duration-ms="13060">
      <class name="testcases.DashBoardTest">
        <test-method is-config="true" signature="beforeTest(org.testng.ITestContext)[pri:0, instance:testcases.DashBoardTest@15888343]" started-at="2024-06-07T13:28:05 IST" name="beforeTest" finished-at="2024-06-07T13:28:05 IST" duration-ms="2" status="PASS">
          <params>
            <param index="0">
              <value>
                <![CDATA[org.testng.TestRunner@3a45afd4]]>
              </value>
            </param>
          </params>
          <reporter-output>
          </reporter-output>
        </test-method> <!-- beforeTest -->
        <test-method is-config="true" signature="beforeMethod(org.testng.ITestContext)[pri:0, instance:testcases.DashBoardTest@15888343]" started-at="2024-06-07T13:28:05 IST" name="beforeMethod" finished-at="2024-06-07T13:28:05 IST" duration-ms="0" status="PASS">
          <params>
            <param index="0">
              <value>
                <![CDATA[org.testng.TestRunner@3a45afd4]]>
              </value>
            </param>
          </params>
          <reporter-output>
          </reporter-output>
        </test-method> <!-- beforeMethod -->
        <test-method signature="verifyAvailablePets(java.lang.String,java.lang.String,java.lang.String,java.lang.String)[pri:0, instance:testcases.DashBoardTest@15888343]" started-at="2024-06-07T13:28:05 IST" name="verifyAvailablePets" data-provider="dp" finished-at="2024-06-07T13:28:18 IST" duration-ms="12874" status="PASS">
          <params>
            <param index="0">
              <value>
                <![CDATA[chrome]]>
              </value>
            </param>
            <param index="1">
              <value>
                <![CDATA[Y]]>
              </value>
            </param>
            <param index="2">
              <value>
                <![CDATA[j2ee]]>
              </value>
            </param>
            <param index="3">
              <value>
                <![CDATA[j2ee]]>
              </value>
            </param>
          </params>
          <reporter-output>
          </reporter-output>
        </test-method> <!-- verifyAvailablePets -->
        <test-method is-config="true" signature="quit(org.testng.ITestContext)[pri:0, instance:testcases.DashBoardTest@15888343]" started-at="2024-06-07T13:28:18 IST" name="quit" finished-at="2024-06-07T13:28:18 IST" duration-ms="177" status="PASS">
          <params>
            <param index="0">
              <value>
                <![CDATA[org.testng.TestRunner@3a45afd4]]>
              </value>
            </param>
          </params>
          <reporter-output>
          </reporter-output>
        </test-method> <!-- quit -->
      </class> <!-- testcases.DashBoardTest -->
    </test> <!-- verifyAvailablePets -->
    <test started-at="2024-06-07T13:28:18 IST" name="verifyAllPets" finished-at="2024-06-07T13:28:32 IST" duration-ms="13762">
      <class name="testcases.DashBoardTest">
        <test-method is-config="true" signature="beforeTest(org.testng.ITestContext)[pri:0, instance:testcases.DashBoardTest@6e2829c7]" started-at="2024-06-07T13:28:18 IST" name="beforeTest" finished-at="2024-06-07T13:28:18 IST" duration-ms="1" status="PASS">
          <params>
            <param index="0">
              <value>
                <![CDATA[org.testng.TestRunner@762a10b6]]>
              </value>
            </param>
          </params>
          <reporter-output>
          </reporter-output>
        </test-method> <!-- beforeTest -->
        <test-method is-config="true" signature="beforeMethod(org.testng.ITestContext)[pri:0, instance:testcases.DashBoardTest@6e2829c7]" started-at="2024-06-07T13:28:18 IST" name="beforeMethod" finished-at="2024-06-07T13:28:18 IST" duration-ms="0" status="PASS">
          <params>
            <param index="0">
              <value>
                <![CDATA[org.testng.TestRunner@762a10b6]]>
              </value>
            </param>
          </params>
          <reporter-output>
          </reporter-output>
        </test-method> <!-- beforeMethod -->
        <test-method signature="verifyAllPets(java.lang.String,java.lang.String,java.lang.String,java.lang.String)[pri:0, instance:testcases.DashBoardTest@6e2829c7]" started-at="2024-06-07T13:28:18 IST" name="verifyAllPets" data-provider="dp" finished-at="2024-06-07T13:28:32 IST" duration-ms="13616" status="FAIL">
          <params>
            <param index="0">
              <value>
                <![CDATA[chrome]]>
              </value>
            </param>
            <param index="1">
              <value>
                <![CDATA[Y]]>
              </value>
            </param>
            <param index="2">
              <value>
                <![CDATA[j2ee]]>
              </value>
            </param>
            <param index="3">
              <value>
                <![CDATA[j2ee]]>
              </value>
            </param>
          </params>
          <exception class="java.lang.NullPointerException">
            <message>
              <![CDATA[Cannot invoke "String.split(String)" because the return value of "java.util.Properties.getProperty(String)" is null]]>
            </message>
            <full-stacktrace>
              <![CDATA[java.lang.NullPointerException: Cannot invoke "String.split(String)" because the return value of "java.util.Properties.getProperty(String)" is null
at testcases.DashBoardTest.verifyAllPets(DashBoardTest.java:60)
at java.base/jdk.internal.reflect.DirectMethodHandleAccessor.invoke(DirectMethodHandleAccessor.java:103)
at java.base/java.lang.reflect.Method.invoke(Method.java:580)
at org.testng.internal.invokers.MethodInvocationHelper.invokeMethod(MethodInvocationHelper.java:139)
at org.testng.internal.invokers.TestInvoker.invokeMethod(TestInvoker.java:664)
at org.testng.internal.invokers.TestInvoker.invokeTestMethod(TestInvoker.java:228)
at org.testng.internal.invokers.MethodRunner.runInSequence(MethodRunner.java:63)
at org.testng.internal.invokers.TestInvoker$MethodInvocationAgent.invoke(TestInvoker.java:961)
at org.testng.internal.invokers.TestInvoker.invokeTestMethods(TestInvoker.java:201)
at org.testng.internal.invokers.TestMethodWorker.invokeTestMethods(TestMethodWorker.java:148)
at org.testng.internal.invokers.TestMethodWorker.run(TestMethodWorker.java:128)
at java.base/java.util.ArrayList.forEach(ArrayList.java:1596)
at org.testng.TestRunner.privateRun(TestRunner.java:819)
at org.testng.TestRunner.run(TestRunner.java:619)
at org.testng.SuiteRunner.runTest(SuiteRunner.java:443)
at org.testng.SuiteRunner.runSequentially(SuiteRunner.java:437)
at org.testng.SuiteRunner.privateRun(SuiteRunner.java:397)
at org.testng.SuiteRunner.run(SuiteRunner.java:336)
at org.testng.SuiteRunnerWorker.runSuite(SuiteRunnerWorker.java:52)
at org.testng.SuiteRunnerWorker.run(SuiteRunnerWorker.java:95)
at org.testng.TestNG.runSuitesSequentially(TestNG.java:1301)
at org.testng.TestNG.runSuitesLocally(TestNG.java:1228)
at org.testng.TestNG.runSuites(TestNG.java:1134)
at org.testng.TestNG.run(TestNG.java:1101)
at org.apache.maven.surefire.testng.TestNGExecutor.run(TestNGExecutor.java:308)
at org.apache.maven.surefire.testng.TestNGXmlTestSuite.execute(TestNGXmlTestSuite.java:71)
at org.apache.maven.surefire.testng.TestNGProvider.invoke(TestNGProvider.java:113)
at org.apache.maven.surefire.booter.ForkedBooter.runSuitesInProcess(ForkedBooter.java:385)
at org.apache.maven.surefire.booter.ForkedBooter.execute(ForkedBooter.java:162)
at org.apache.maven.surefire.booter.ForkedBooter.run(ForkedBooter.java:507)
at org.apache.maven.surefire.booter.ForkedBooter.main(ForkedBooter.java:495)
]]>
            </full-stacktrace>
          </exception> <!-- java.lang.NullPointerException -->
          <reporter-output>
          </reporter-output>
        </test-method> <!-- verifyAllPets -->
        <test-method is-config="true" signature="quit(org.testng.ITestContext)[pri:0, instance:testcases.DashBoardTest@6e2829c7]" started-at="2024-06-07T13:28:32 IST" name="quit" finished-at="2024-06-07T13:28:32 IST" duration-ms="135" status="PASS">
          <params>
            <param index="0">
              <value>
                <![CDATA[org.testng.TestRunner@762a10b6]]>
              </value>
            </param>
          </params>
          <reporter-output>
          </reporter-output>
        </test-method> <!-- quit -->
      </class> <!-- testcases.DashBoardTest -->
    </test> <!-- verifyAllPets -->
  </suite> <!-- JPetStore -->
</testng-results>
