<?xml version="1.0" encoding="UTF-8"?>
<!-- Generated by org.testng.reporters.JUnitXMLReporter -->
<testsuite ignored="0" hostname="DESKTOP-F5DJDU5" failures="1" tests="2" name="DashBoardTestCases-Verifylogin-It.1" time="21.253" errors="0" timestamp="2024-07-18T13:59:36 IST">
  <testcase classname="testcases.DashBoardTest" name="verifyAllPets" time="10.866">
    <failure type="java.lang.NullPointerException" message="Cannot invoke &amp;quot;String.split(String)&amp;quot; because the return value of &amp;quot;java.util.Properties.getProperty(String)&amp;quot; is null">
      <![CDATA[java.lang.NullPointerException: Cannot invoke "String.split(String)" because the return value of "java.util.Properties.getProperty(String)" is null
at testcases.DashBoardTest.verifyAllPets(DashBoardTest.java:95)
at java.base/java.util.ArrayList.forEach(ArrayList.java:1596)
at runner.TestNGRunner.run(TestNGRunner.java:90)
at runner.JSONRunner.main(JSONRunner.java:113)
... Removed 22 stack frames]]>
    </failure>
  </testcase> <!-- verifyAllPets -->
  <testcase classname="testcases.DashBoardTest" name="verifyAvailablePets" time="10.278"/>
</testsuite> <!-- DashBoardTestCases-Verifylogin-It.1 -->
