<?xml version="1.0" encoding="UTF-8"?>
<!-- Generated by org.testng.reporters.JUnitXMLReporter -->
<testsuite ignored="0" hostname="DESKTOP-F5DJDU5" failures="0" tests="3" name="StoreEntryTestCases-VerifyStoreEntryTitle-It.1" time="21.177" errors="0" timestamp="2024-11-18T21:02:46 IST">
  <testcase classname="testcases.StoreEntryTest" name="VerifyStoreEntryTitle" time="5.575"/>
  <testcase classname="testcases.StoreEntryTest" name="VerifySignInButtonPresence" time="3.286"/>
  <testcase classname="testcases.StoreEntryTest" name="Verifylogin" time="11.482"/>
</testsuite> <!-- StoreEntryTestCases-VerifyStoreEntryTitle-It.1 -->
