<?xml version="1.0" encoding="UTF-8"?>
<!-- Generated by org.testng.reporters.JUnitXMLReporter -->
<testsuite ignored="0" hostname="AAPDyOVVbECDsDj" failures="1" tests="1" name="VerifyHomePageTitle-Verify Home Page Title-It.1" time="0.008" errors="0" timestamp="2024-05-30T10:29:39 IST">
  <testcase classname="testcases.HomePageTest" name="VerifyHomePageTitle" time="0.0">
    <failure type="org.testng.TestNGException" message="
Cannot inject @Test annotated Method [VerifyHomePageTitle] with [class java.lang.String, class java.lang.String].
For more information on native dependency injection please refer to https://testng.org/doc/documentation-main.html#native-dependency-injection">
      <![CDATA[org.testng.TestNGException: 
Cannot inject @Test annotated Method [VerifyHomePageTitle] with [class java.lang.String, class java.lang.String].
For more information on native dependency injection please refer to https://testng.org/doc/documentation-main.html#native-dependency-injection
at java.base/java.util.ArrayList.forEach(ArrayList.java:1511)
at runner.TestNGRunner.run(TestNGRunner.java:90)
at runner.JSONRunner.main(JSONRunner.java:111)
... Removed 23 stack frames]]>
    </failure>
  </testcase> <!-- VerifyHomePageTitle -->
</testsuite> <!-- VerifyHomePageTitle-Verify Home Page Title-It.1 -->
