<?xml version="1.0" encoding="UTF-8"?>
<!-- Generated by org.testng.reporters.JUnitXMLReporter -->
<testsuite ignored="0" hostname="DESKTOP-F5DJDU5" failures="0" tests="3" name="StoreEntryTestCases-VerifyStoreEntryTitle-It.1" time="15.792" errors="0" timestamp="2024-11-12T19:58:28 IST">
  <testcase classname="testcases.StoreEntryTest" name="VerifyStoreEntryTitle" time="3.583"/>
  <testcase classname="testcases.StoreEntryTest" name="VerifySignInButtonPresence" time="3.257"/>
  <testcase classname="testcases.StoreEntryTest" name="Verifylogin" time="8.448"/>
</testsuite> <!-- StoreEntryTestCases-VerifyStoreEntryTitle-It.1 -->
