<?xml version="1.0" encoding="UTF-8"?>
<!-- Generated by org.testng.reporters.JUnitXMLReporter -->
<testsuite ignored="2" hostname="DESKTOP-F5DJDU5" failures="0" tests="1" name="VerifyStoreEntryTitle" time="0.03" errors="0" timestamp="2024-07-18T09:54:34 IST">
  <testcase classname="testbase.BaseTest" name="@AfterTest quit" time="0.0">
    <failure type="java.lang.NullPointerException" message="Cannot invoke &amp;quot;org.openqa.selenium.WebDriver.quit()&amp;quot; because &amp;quot;this.driver&amp;quot; is null">
      <![CDATA[java.lang.NullPointerException: Cannot invoke "org.openqa.selenium.WebDriver.quit()" because "this.driver" is null
at keywords.GenericKeywords.quit(GenericKeywords.java:302)
at testbase.BaseTest.quit(BaseTest.java:94)
... Removed 22 stack frames]]>
    </failure>
  </testcase> <!-- @AfterTest quit -->
  <testcase classname="testcases.StoreEntryTest" name="VerifyStoreEntryTitle" time="0.003"/>
  <testcase classname="testcases.StoreEntryTest" name="VerifySignInButtonPresence" time="0.0">
    <ignored/>
  </testcase> <!-- VerifySignInButtonPresence -->
  <testcase classname="testcases.StoreEntryTest" name="Verifylogin" time="0.0">
    <ignored/>
  </testcase> <!-- Verifylogin -->
</testsuite> <!-- VerifyStoreEntryTitle -->
