<html xmlns:math="http://exslt.org/math" xmlns:testng="http://testng.org">
   <head>
      <title>TestNG Results</title>
      <meta http-equiv="content-type" content="text/html; charset=utf-8"></meta>
      <meta http-equiv="pragma" content="no-cache"></meta>
      <meta http-equiv="cache-control" content="max-age=0"></meta>
      <meta http-equiv="cache-control" content="no-cache"></meta>
      <meta http-equiv="cache-control" content="no-store"></meta>
      <LINK rel="stylesheet" href="style.css"></LINK>
      <script type="text/javascript" src="main.js"></script>
   </head>
   <body>
      <table width="100%" style="font-size: 16px; margin-bottom: 10px;" cellspacing="1">
         <tr>
            <td width="100%">
               All methods in suite
               
               <b>Suite (0)</b>
            </td>
            <td style="background-color: #FFBBBB; padding: 3px 3px 3px 0;" align="center">
               <div style="width: 50px;">3</div>
            </td>
            <td style="background-color: lightgreen; padding: 3px 3px 3px 0;" align="center">
               <div style="width: 50px;">6</div>
            </td>
            <td style="background-color: #FFFFBB; padding: 3px 3px 3px 0;" align="center">
               <div style="width: 50px;">0</div>
            </td>
            <td align="center" style="background-color: #eaf0f7; padding: 3px 3px 3px 0;">
               <div style="width: 50px;">9</div>
            </td>
            <td align="center"
                style="font-weight: bold; background-color: #eaf0f7; padding: 3px 3px 3px 0;">
               <div style="width: 50px;">67%</div>
            </td>
            <td style="background-color: #eaf0f7; padding: 3px 3px 3px 0;" align="center"
                nowrap="true">3m
               28s
               
            </td>
         </tr>
      </table>
      <div style="width: 200px;">
         <label for="groupMethodsCheckBox" style="font-weight: bold; margin: 0;">
            <input id="groupMethodsCheckBox" type="checkbox" onclick="switchTestMethodsView(this)"></input>
            Group by class
            
         </label>
         <br></br>
         <label for="methodsFilter_ALL" style="font-weight: bold; margin: 0;">
            <input id="methodsFilter_ALL" type="checkbox"
                   onclick="testMethodsFilterChanged(this, 'ALL')"></input>
            All
            
         </label>
      </div>
      <label for="methodsFilter_FAIL" style="margin-left: 20px;">
         <input id="methodsFilter_FAIL" type="checkbox"
                onclick="testMethodsFilterChanged(this, 'FAIL')"
                checked=""></input>
         Failed
         
      </label>
      <label for="methodsFilter_PASS">
         <input id="methodsFilter_PASS" type="checkbox"
                onclick="testMethodsFilterChanged(this, 'PASS')"
                checked=""></input>
         Passed
         
      </label>
      <label for="methodsFilter_SKIP">
         <input id="methodsFilter_SKIP" type="checkbox"
                onclick="testMethodsFilterChanged(this, 'SKIP')"
                checked=""></input>
         Skipped
         
      </label>
      <label for="methodsFilter_CONF">
         <input id="methodsFilter_CONF" type="checkbox"
                onclick="testMethodsFilterChanged(this, 'CONF')"></input>
         Config
         
      </label>
      <br></br>
      <div id="testMethodsByStatus">
         <table class="testMethodsTable" cellpadding="0" cellspacing="0">
            <tr class="methodsTableHeader">
               <td width="100%">Name</td>
               <td nowrap="true">Started</td>
               <td nowrap="true">Duration</td>
               <td>Exception</td>
            </tr>
            <tr id="testcases.DashBoardTest_verifyAllPets_byStatus_failed_FAIL1_row"
                class="testMethodStatusFAIL">
               <td width="100%" class="firstMethodCell">
                  <a onclick="toggleDetailsVisibility('testcases.DashBoardTest_verifyAllPets_byStatus_failed_FAIL1_details')">verifyAllPets(chrome
                     
                     ,
                     
                     Y)
                  </a>
               </td>
               <td nowrap="true">22:39:38</td>
               <td nowrap="true" align="right">1m
                  3s
                  
               </td>
               <td nowrap="true">
                  <a onclick="toggleDetailsVisibility('testcases.DashBoardTest_verifyAllPets_byStatus_failed_FAIL1_exception')">java.lang.AssertionError: 
                     The following asserts failed:
                     expected [Chihuahua] but found [Poodle],
                     expected [Labrador Retriever] but found [Dalmation],
                     expected [Golden Retriever] but found [Labrador Retriever],
                     expected [Dalmation] but found [Golden Retriever],
                     expected [Poodle] but found [Chihuahua],
                     expected [Iguana] but found [Rattlesnake],
                     expected [Rattlesnake] but found [Iguana],
                     expected [TigerShark] but found [Tiger Shark]
                     
                  </a>
                   
                  
               </td>
            </tr>
            <tr>
               <td colspan="4" class="detailsBox">
                  <div id="testcases.DashBoardTest_verifyAllPets_byStatus_failed_FAIL1_details"
                       class="testMethodDetails">
                     <div>
                        <b>Name: </b>verifyAllPets
                     </div>
                     <div>
                        <b>Signature: </b>verifyAllPets(java.lang.String,java.lang.String)[pri:0, instance:testcases.DashBoardTest@322803db]
                     </div>
                     <div>
                        <b>Parameters: </b>
                        
                        chrome
                        
                        ,
                        
                        Y
                        
                        
                     </div>
                     <div>
                        <b>Start time: </b>22:39:38
                     </div>
                     <div>
                        <b>End time: </b>22:40:41
                     </div>
                     <div>
                        <b>Duration: </b>1m
                        3s
                        
                     </div>
                  </div>
               </td>
            </tr>
            <tr>
               <td colspan="4" class="detailsBox">
                  <div id="testcases.DashBoardTest_verifyAllPets_byStatus_failed_FAIL1_exception"
                       class="testMethodDetails">
                     <pre style="padding: 5px; margin: 0;">java.lang.AssertionError: The following asserts failed:
                        expected [Chihuahua] but found [Poodle],
                        expected [Labrador Retriever] but found [Dalmation],
                        expected [Golden Retriever] but found [Labrador Retriever],
                        expected [Dalmation] but found [Golden Retriever],
                        expected [Poodle] but found [Chihuahua],
                        expected [Iguana] but found [Rattlesnake],
                        expected [Rattlesnake] but found [Iguana],
                        expected [TigerShark] but found [Tiger Shark]
                        at org.testng.asserts.SoftAssert.assertAll(SoftAssert.java:46)
                        at org.testng.asserts.SoftAssert.assertAll(SoftAssert.java:30)
                        at testcases.DashBoardTest.verifyAllPets(DashBoardTest.java:84)
                        at java.base/jdk.internal.reflect.NativeMethodAccessorImpl.invoke0(Native Method)
                        at java.base/jdk.internal.reflect.NativeMethodAccessorImpl.invoke(NativeMethodAccessorImpl.java:62)
                        at java.base/jdk.internal.reflect.DelegatingMethodAccessorImpl.invoke(DelegatingMethodAccessorImpl.java:43)
                        at java.base/java.lang.reflect.Method.invoke(Method.java:567)
                        at org.testng.internal.invokers.MethodInvocationHelper.invokeMethod(MethodInvocationHelper.java:139)
                        at org.testng.internal.invokers.TestInvoker.invokeMethod(TestInvoker.java:664)
                        at org.testng.internal.invokers.TestInvoker.invokeTestMethod(TestInvoker.java:228)
                        at org.testng.internal.invokers.MethodRunner.runInSequence(MethodRunner.java:63)
                        at org.testng.internal.invokers.TestInvoker$MethodInvocationAgent.invoke(TestInvoker.java:961)
                        at org.testng.internal.invokers.TestInvoker.invokeTestMethods(TestInvoker.java:201)
                        at org.testng.internal.invokers.TestMethodWorker.invokeTestMethods(TestMethodWorker.java:148)
                        at org.testng.internal.invokers.TestMethodWorker.run(TestMethodWorker.java:128)
                        at java.base/java.util.ArrayList.forEach(ArrayList.java:1540)
                        at org.testng.TestRunner.privateRun(TestRunner.java:819)
                        at org.testng.TestRunner.run(TestRunner.java:619)
                        at org.testng.SuiteRunner.runTest(SuiteRunner.java:443)
                        at org.testng.SuiteRunner.runSequentially(SuiteRunner.java:437)
                        at org.testng.SuiteRunner.privateRun(SuiteRunner.java:397)
                        at org.testng.SuiteRunner.run(SuiteRunner.java:336)
                        at org.testng.SuiteRunnerWorker.runSuite(SuiteRunnerWorker.java:52)
                        at org.testng.SuiteRunnerWorker.run(SuiteRunnerWorker.java:95)
                        at org.testng.TestNG.runSuitesSequentially(TestNG.java:1301)
                        at org.testng.TestNG.runSuitesLocally(TestNG.java:1228)
                        at org.testng.TestNG.runSuites(TestNG.java:1134)
                        at org.testng.TestNG.run(TestNG.java:1101)
                        at org.testng.TestNG.privateMain(TestNG.java:1461)
                        at org.testng.TestNG.main(TestNG.java:1425)
                     </pre>
                  </div>
               </td>
            </tr>
            <tr id="testcases.StoreEntryTest_Verifylogin_byStatus_failed_FAIL2_row"
                class="testMethodStatusFAIL">
               <td width="100%" class="firstMethodCell">
                  <a onclick="toggleDetailsVisibility('testcases.StoreEntryTest_Verifylogin_byStatus_failed_FAIL2_details')">Verifylogin(chrome
                     
                     ,
                     
                     Y
                     
                     ,
                     
                     j2ee
                     
                     ,
                     
                     rinku1806)
                  </a>
               </td>
               <td nowrap="true">22:42:09</td>
               <td nowrap="true" align="right">23s
                  
               </td>
               <td nowrap="true">
                  <a onclick="toggleDetailsVisibility('testcases.StoreEntryTest_Verifylogin_byStatus_failed_FAIL2_exception')">org.openqa.selenium.NoSuchElementException: 
                     no such element: Unable to locate element: {"method":"css selector","selector":"#WelcomeContent"}
                     (Session info: chrome=130.0.6723.92)
                     For documentation on this error, please visit: https://www.selenium.dev/documentation/webdriver/troubleshooting/errors#no-such-element-exception
                     Build info: version: '4.17.0', revision: 'e52b1be057*'
                     System info: os.name: 'Windows 10', os.arch: 'amd64', os.version: '10.0', java.version: '12.0.2'
                     Driver info: org.openqa.selenium.chrome.ChromeDriver
                     Command: [55d7a588b32866adc20461ba139e49b7, findElement {using=id, value=WelcomeContent}]
                     Capabilities {acceptInsecureCerts: false, browserName: chrome, browserVersion: 130.0.6723.92, chrome: {chromedriverVersion:
                     130.0.6723.91 (53ac07678369..., userDataDir: C:\Users\MSI\AppData\Local\...}, fedcm:accounts: true, goog:chromeOptions: {debuggerAddress:
                     localhost:57928}, networkConnectionEnabled: false, pageLoadStrategy: normal, platformName: windows, proxy: Proxy(), se:cdp:
                     ws://localhost:57928/devtoo..., se:cdpVersion: 130.0.6723.92, setWindowRect: true, strictFileInteractability: false, timeouts:
                     {implicit: 0, pageLoad: 300000, script: 30000}, unhandledPromptBehavior: dismiss and notify, webauthn:extension:credBlob:
                     true, webauthn:extension:largeBlob: true, webauthn:extension:minPinLength: true, webauthn:extension:prf: true, webauthn:virtualAuthenticators:
                     true}
                     Session ID: 55d7a588b32866adc20461ba139e49b7
                     
                  </a>
                   
                  
               </td>
            </tr>
            <tr>
               <td colspan="4" class="detailsBox">
                  <div id="testcases.StoreEntryTest_Verifylogin_byStatus_failed_FAIL2_details"
                       class="testMethodDetails">
                     <div>
                        <b>Name: </b>Verifylogin
                     </div>
                     <div>
                        <b>Signature: </b>Verifylogin(java.lang.String,java.lang.String,java.lang.String,java.lang.String)[pri:0, instance:testcases.StoreEntryTest@7b2a3ff8]
                     </div>
                     <div>
                        <b>Parameters: </b>
                        
                        chrome
                        
                        ,
                        
                        Y
                        
                        ,
                        
                        j2ee
                        
                        ,
                        
                        rinku1806
                        
                        
                     </div>
                     <div>
                        <b>Start time: </b>22:42:09
                     </div>
                     <div>
                        <b>End time: </b>22:42:32
                     </div>
                     <div>
                        <b>Duration: </b>23s
                        
                     </div>
                  </div>
               </td>
            </tr>
            <tr>
               <td colspan="4" class="detailsBox">
                  <div id="testcases.StoreEntryTest_Verifylogin_byStatus_failed_FAIL2_exception"
                       class="testMethodDetails">
                     <pre style="padding: 5px; margin: 0;">org.openqa.selenium.NoSuchElementException: no such element: Unable to locate element: {"method":"css selector","selector":"#WelcomeContent"}
                        (Session info: chrome=130.0.6723.92)
                        For documentation on this error, please visit: https://www.selenium.dev/documentation/webdriver/troubleshooting/errors#no-such-element-exception
                        Build info: version: '4.17.0', revision: 'e52b1be057*'
                        System info: os.name: 'Windows 10', os.arch: 'amd64', os.version: '10.0', java.version: '12.0.2'
                        Driver info: org.openqa.selenium.chrome.ChromeDriver
                        Command: [55d7a588b32866adc20461ba139e49b7, findElement {using=id, value=WelcomeContent}]
                        Capabilities {acceptInsecureCerts: false, browserName: chrome, browserVersion: 130.0.6723.92, chrome: {chromedriverVersion:
                        130.0.6723.91 (53ac07678369..., userDataDir: C:\Users\MSI\AppData\Local\...}, fedcm:accounts: true, goog:chromeOptions: {debuggerAddress:
                        localhost:57928}, networkConnectionEnabled: false, pageLoadStrategy: normal, platformName: windows, proxy: Proxy(), se:cdp:
                        ws://localhost:57928/devtoo..., se:cdpVersion: 130.0.6723.92, setWindowRect: true, strictFileInteractability: false, timeouts:
                        {implicit: 0, pageLoad: 300000, script: 30000}, unhandledPromptBehavior: dismiss and notify, webauthn:extension:credBlob:
                        true, webauthn:extension:largeBlob: true, webauthn:extension:minPinLength: true, webauthn:extension:prf: true, webauthn:virtualAuthenticators:
                        true}
                        Session ID: 55d7a588b32866adc20461ba139e49b7
                        at java.base/jdk.internal.reflect.NativeConstructorAccessorImpl.newInstance0(Native Method)
                        at java.base/jdk.internal.reflect.NativeConstructorAccessorImpl.newInstance(NativeConstructorAccessorImpl.java:62)
                        at java.base/jdk.internal.reflect.DelegatingConstructorAccessorImpl.newInstance(DelegatingConstructorAccessorImpl.java:45)
                        at java.base/java.lang.reflect.Constructor.newInstanceWithCaller(Constructor.java:500)
                        at java.base/java.lang.reflect.Constructor.newInstance(Constructor.java:481)
                        at org.openqa.selenium.remote.codec.w3c.W3CHttpResponseCodec.createException(W3CHttpResponseCodec.java:185)
                        at org.openqa.selenium.remote.codec.w3c.W3CHttpResponseCodec.decode(W3CHttpResponseCodec.java:134)
                        at org.openqa.selenium.remote.codec.w3c.W3CHttpResponseCodec.decode(W3CHttpResponseCodec.java:51)
                        at org.openqa.selenium.remote.HttpCommandExecutor.execute(HttpCommandExecutor.java:190)
                        at org.openqa.selenium.remote.service.DriverCommandExecutor.invokeExecute(DriverCommandExecutor.java:216)
                        at org.openqa.selenium.remote.service.DriverCommandExecutor.execute(DriverCommandExecutor.java:174)
                        at org.openqa.selenium.remote.RemoteWebDriver.execute(RemoteWebDriver.java:519)
                        at org.openqa.selenium.remote.ElementLocation$ElementFinder$2.findElement(ElementLocation.java:165)
                        at org.openqa.selenium.remote.ElementLocation.findElement(ElementLocation.java:66)
                        at org.openqa.selenium.remote.RemoteWebDriver.findElement(RemoteWebDriver.java:356)
                        at org.openqa.selenium.remote.RemoteWebDriver.findElement(RemoteWebDriver.java:350)
                        at org.openqa.selenium.support.pagefactory.DefaultElementLocator.findElement(DefaultElementLocator.java:68)
                        at org.openqa.selenium.support.pagefactory.internal.LocatingElementHandler.invoke(LocatingElementHandler.java:38)
                        at com.sun.proxy.$Proxy29.getText(Unknown Source)
                        at pages.DashBoard.getWelcomeContent(DashBoard.java:37)
                        at testcases.StoreEntryTest.Verifylogin(StoreEntryTest.java:74)
                        at java.base/jdk.internal.reflect.NativeMethodAccessorImpl.invoke0(Native Method)
                        at java.base/jdk.internal.reflect.NativeMethodAccessorImpl.invoke(NativeMethodAccessorImpl.java:62)
                        at java.base/jdk.internal.reflect.DelegatingMethodAccessorImpl.invoke(DelegatingMethodAccessorImpl.java:43)
                        at java.base/java.lang.reflect.Method.invoke(Method.java:567)
                        at org.testng.internal.invokers.MethodInvocationHelper.invokeMethod(MethodInvocationHelper.java:139)
                        at org.testng.internal.invokers.TestInvoker.invokeMethod(TestInvoker.java:664)
                        at org.testng.internal.invokers.TestInvoker.invokeTestMethod(TestInvoker.java:228)
                        at org.testng.internal.invokers.MethodRunner.runInSequence(MethodRunner.java:63)
                        at org.testng.internal.invokers.TestInvoker$MethodInvocationAgent.invoke(TestInvoker.java:961)
                        at org.testng.internal.invokers.TestInvoker.invokeTestMethods(TestInvoker.java:201)
                        at org.testng.internal.invokers.TestMethodWorker.invokeTestMethods(TestMethodWorker.java:148)
                        at org.testng.internal.invokers.TestMethodWorker.run(TestMethodWorker.java:128)
                        at java.base/java.util.ArrayList.forEach(ArrayList.java:1540)
                        at org.testng.TestRunner.privateRun(TestRunner.java:819)
                        at org.testng.TestRunner.run(TestRunner.java:619)
                        at org.testng.SuiteRunner.runTest(SuiteRunner.java:443)
                        at org.testng.SuiteRunner.runSequentially(SuiteRunner.java:437)
                        at org.testng.SuiteRunner.privateRun(SuiteRunner.java:397)
                        at org.testng.SuiteRunner.run(SuiteRunner.java:336)
                        at org.testng.SuiteRunnerWorker.runSuite(SuiteRunnerWorker.java:52)
                        at org.testng.SuiteRunnerWorker.run(SuiteRunnerWorker.java:95)
                        at org.testng.TestNG.runSuitesSequentially(TestNG.java:1301)
                        at org.testng.TestNG.runSuitesLocally(TestNG.java:1228)
                        at org.testng.TestNG.runSuites(TestNG.java:1134)
                        at org.testng.TestNG.run(TestNG.java:1101)
                        at org.testng.TestNG.privateMain(TestNG.java:1461)
                        at org.testng.TestNG.main(TestNG.java:1425)
                     </pre>
                  </div>
               </td>
            </tr>
            <tr id="testcases.StoreEntryTest_Verifylogin_byStatus_failed_FAIL3_row"
                class="testMethodStatusFAIL">
               <td width="100%" class="firstMethodCell">
                  <a onclick="toggleDetailsVisibility('testcases.StoreEntryTest_Verifylogin_byStatus_failed_FAIL3_details')">Verifylogin(chrome
                     
                     ,
                     
                     Y
                     
                     ,
                     
                     rinku
                     
                     ,
                     
                     rinku1806)
                  </a>
               </td>
               <td nowrap="true">22:42:37</td>
               <td nowrap="true" align="right">22s
                  
               </td>
               <td nowrap="true">
                  <a onclick="toggleDetailsVisibility('testcases.StoreEntryTest_Verifylogin_byStatus_failed_FAIL3_exception')">org.openqa.selenium.NoSuchElementException: 
                     no such element: Unable to locate element: {"method":"css selector","selector":"#WelcomeContent"}
                     (Session info: chrome=130.0.6723.92)
                     For documentation on this error, please visit: https://www.selenium.dev/documentation/webdriver/troubleshooting/errors#no-such-element-exception
                     Build info: version: '4.17.0', revision: 'e52b1be057*'
                     System info: os.name: 'Windows 10', os.arch: 'amd64', os.version: '10.0', java.version: '12.0.2'
                     Driver info: org.openqa.selenium.chrome.ChromeDriver
                     Command: [345a69f653733d4f7cc8a44fba10e444, findElement {using=id, value=WelcomeContent}]
                     Capabilities {acceptInsecureCerts: false, browserName: chrome, browserVersion: 130.0.6723.92, chrome: {chromedriverVersion:
                     130.0.6723.91 (53ac07678369..., userDataDir: C:\Users\MSI\AppData\Local\...}, fedcm:accounts: true, goog:chromeOptions: {debuggerAddress:
                     localhost:57954}, networkConnectionEnabled: false, pageLoadStrategy: normal, platformName: windows, proxy: Proxy(), se:cdp:
                     ws://localhost:57954/devtoo..., se:cdpVersion: 130.0.6723.92, setWindowRect: true, strictFileInteractability: false, timeouts:
                     {implicit: 0, pageLoad: 300000, script: 30000}, unhandledPromptBehavior: dismiss and notify, webauthn:extension:credBlob:
                     true, webauthn:extension:largeBlob: true, webauthn:extension:minPinLength: true, webauthn:extension:prf: true, webauthn:virtualAuthenticators:
                     true}
                     Session ID: 345a69f653733d4f7cc8a44fba10e444
                     
                  </a>
                   
                  
               </td>
            </tr>
            <tr>
               <td colspan="4" class="detailsBox">
                  <div id="testcases.StoreEntryTest_Verifylogin_byStatus_failed_FAIL3_details"
                       class="testMethodDetails">
                     <div>
                        <b>Name: </b>Verifylogin
                     </div>
                     <div>
                        <b>Signature: </b>Verifylogin(java.lang.String,java.lang.String,java.lang.String,java.lang.String)[pri:0, instance:testcases.StoreEntryTest@7b2a3ff8]
                     </div>
                     <div>
                        <b>Parameters: </b>
                        
                        chrome
                        
                        ,
                        
                        Y
                        
                        ,
                        
                        rinku
                        
                        ,
                        
                        rinku1806
                        
                        
                     </div>
                     <div>
                        <b>Start time: </b>22:42:37
                     </div>
                     <div>
                        <b>End time: </b>22:43:00
                     </div>
                     <div>
                        <b>Duration: </b>22s
                        
                     </div>
                  </div>
               </td>
            </tr>
            <tr>
               <td colspan="4" class="detailsBox">
                  <div id="testcases.StoreEntryTest_Verifylogin_byStatus_failed_FAIL3_exception"
                       class="testMethodDetails">
                     <pre style="padding: 5px; margin: 0;">org.openqa.selenium.NoSuchElementException: no such element: Unable to locate element: {"method":"css selector","selector":"#WelcomeContent"}
                        (Session info: chrome=130.0.6723.92)
                        For documentation on this error, please visit: https://www.selenium.dev/documentation/webdriver/troubleshooting/errors#no-such-element-exception
                        Build info: version: '4.17.0', revision: 'e52b1be057*'
                        System info: os.name: 'Windows 10', os.arch: 'amd64', os.version: '10.0', java.version: '12.0.2'
                        Driver info: org.openqa.selenium.chrome.ChromeDriver
                        Command: [345a69f653733d4f7cc8a44fba10e444, findElement {using=id, value=WelcomeContent}]
                        Capabilities {acceptInsecureCerts: false, browserName: chrome, browserVersion: 130.0.6723.92, chrome: {chromedriverVersion:
                        130.0.6723.91 (53ac07678369..., userDataDir: C:\Users\MSI\AppData\Local\...}, fedcm:accounts: true, goog:chromeOptions: {debuggerAddress:
                        localhost:57954}, networkConnectionEnabled: false, pageLoadStrategy: normal, platformName: windows, proxy: Proxy(), se:cdp:
                        ws://localhost:57954/devtoo..., se:cdpVersion: 130.0.6723.92, setWindowRect: true, strictFileInteractability: false, timeouts:
                        {implicit: 0, pageLoad: 300000, script: 30000}, unhandledPromptBehavior: dismiss and notify, webauthn:extension:credBlob:
                        true, webauthn:extension:largeBlob: true, webauthn:extension:minPinLength: true, webauthn:extension:prf: true, webauthn:virtualAuthenticators:
                        true}
                        Session ID: 345a69f653733d4f7cc8a44fba10e444
                        at java.base/jdk.internal.reflect.NativeConstructorAccessorImpl.newInstance0(Native Method)
                        at java.base/jdk.internal.reflect.NativeConstructorAccessorImpl.newInstance(NativeConstructorAccessorImpl.java:62)
                        at java.base/jdk.internal.reflect.DelegatingConstructorAccessorImpl.newInstance(DelegatingConstructorAccessorImpl.java:45)
                        at java.base/java.lang.reflect.Constructor.newInstanceWithCaller(Constructor.java:500)
                        at java.base/java.lang.reflect.Constructor.newInstance(Constructor.java:481)
                        at org.openqa.selenium.remote.codec.w3c.W3CHttpResponseCodec.createException(W3CHttpResponseCodec.java:185)
                        at org.openqa.selenium.remote.codec.w3c.W3CHttpResponseCodec.decode(W3CHttpResponseCodec.java:134)
                        at org.openqa.selenium.remote.codec.w3c.W3CHttpResponseCodec.decode(W3CHttpResponseCodec.java:51)
                        at org.openqa.selenium.remote.HttpCommandExecutor.execute(HttpCommandExecutor.java:190)
                        at org.openqa.selenium.remote.service.DriverCommandExecutor.invokeExecute(DriverCommandExecutor.java:216)
                        at org.openqa.selenium.remote.service.DriverCommandExecutor.execute(DriverCommandExecutor.java:174)
                        at org.openqa.selenium.remote.RemoteWebDriver.execute(RemoteWebDriver.java:519)
                        at org.openqa.selenium.remote.ElementLocation$ElementFinder$2.findElement(ElementLocation.java:165)
                        at org.openqa.selenium.remote.ElementLocation.findElement(ElementLocation.java:66)
                        at org.openqa.selenium.remote.RemoteWebDriver.findElement(RemoteWebDriver.java:356)
                        at org.openqa.selenium.remote.RemoteWebDriver.findElement(RemoteWebDriver.java:350)
                        at org.openqa.selenium.support.pagefactory.DefaultElementLocator.findElement(DefaultElementLocator.java:68)
                        at org.openqa.selenium.support.pagefactory.internal.LocatingElementHandler.invoke(LocatingElementHandler.java:38)
                        at com.sun.proxy.$Proxy29.getText(Unknown Source)
                        at pages.DashBoard.getWelcomeContent(DashBoard.java:37)
                        at testcases.StoreEntryTest.Verifylogin(StoreEntryTest.java:74)
                        at java.base/jdk.internal.reflect.NativeMethodAccessorImpl.invoke0(Native Method)
                        at java.base/jdk.internal.reflect.NativeMethodAccessorImpl.invoke(NativeMethodAccessorImpl.java:62)
                        at java.base/jdk.internal.reflect.DelegatingMethodAccessorImpl.invoke(DelegatingMethodAccessorImpl.java:43)
                        at java.base/java.lang.reflect.Method.invoke(Method.java:567)
                        at org.testng.internal.invokers.MethodInvocationHelper.invokeMethod(MethodInvocationHelper.java:139)
                        at org.testng.internal.invokers.TestInvoker.invokeMethod(TestInvoker.java:664)
                        at org.testng.internal.invokers.TestInvoker.invokeTestMethod(TestInvoker.java:228)
                        at org.testng.internal.invokers.MethodRunner.runInSequence(MethodRunner.java:63)
                        at org.testng.internal.invokers.TestInvoker$MethodInvocationAgent.invoke(TestInvoker.java:961)
                        at org.testng.internal.invokers.TestInvoker.invokeTestMethods(TestInvoker.java:201)
                        at org.testng.internal.invokers.TestMethodWorker.invokeTestMethods(TestMethodWorker.java:148)
                        at org.testng.internal.invokers.TestMethodWorker.run(TestMethodWorker.java:128)
                        at java.base/java.util.ArrayList.forEach(ArrayList.java:1540)
                        at org.testng.TestRunner.privateRun(TestRunner.java:819)
                        at org.testng.TestRunner.run(TestRunner.java:619)
                        at org.testng.SuiteRunner.runTest(SuiteRunner.java:443)
                        at org.testng.SuiteRunner.runSequentially(SuiteRunner.java:437)
                        at org.testng.SuiteRunner.privateRun(SuiteRunner.java:397)
                        at org.testng.SuiteRunner.run(SuiteRunner.java:336)
                        at org.testng.SuiteRunnerWorker.runSuite(SuiteRunnerWorker.java:52)
                        at org.testng.SuiteRunnerWorker.run(SuiteRunnerWorker.java:95)
                        at org.testng.TestNG.runSuitesSequentially(TestNG.java:1301)
                        at org.testng.TestNG.runSuitesLocally(TestNG.java:1228)
                        at org.testng.TestNG.runSuites(TestNG.java:1134)
                        at org.testng.TestNG.run(TestNG.java:1101)
                        at org.testng.TestNG.privateMain(TestNG.java:1461)
                        at org.testng.TestNG.main(TestNG.java:1425)
                     </pre>
                  </div>
               </td>
            </tr>
            <tr id="testcases.HomePageTest_VerifyHomePageTitle_byStatus_passed_PASS1_row"
                class="testMethodStatusPASS">
               <td width="100%" class="firstMethodCell">
                  <a onclick="toggleDetailsVisibility('testcases.HomePageTest_VerifyHomePageTitle_byStatus_passed_PASS1_details')">VerifyHomePageTitle(chrome
                     
                     ,
                     
                     Y)
                  </a>
               </td>
               <td nowrap="true">22:40:59</td>
               <td nowrap="true" align="right">5s
                  
               </td>
               <td nowrap="true">
                   
                  
               </td>
            </tr>
            <tr>
               <td colspan="4" class="detailsBox">
                  <div id="testcases.HomePageTest_VerifyHomePageTitle_byStatus_passed_PASS1_details"
                       class="testMethodDetails">
                     <div>
                        <b>Name: </b>VerifyHomePageTitle
                     </div>
                     <div>
                        <b>Signature: </b>VerifyHomePageTitle(java.lang.String,java.lang.String)[pri:0, instance:testcases.HomePageTest@aa004a0]
                     </div>
                     <div>
                        <b>Parameters: </b>
                        
                        chrome
                        
                        ,
                        
                        Y
                        
                        
                     </div>
                     <div>
                        <b>Start time: </b>22:40:59
                     </div>
                     <div>
                        <b>End time: </b>22:41:04
                     </div>
                     <div>
                        <b>Duration: </b>5s
                        
                     </div>
                  </div>
               </td>
            </tr>
            <tr></tr>
            <tr id="testcases.HomePageTest_tearDown_byStatus_passed_PASS2_row"
                class="testMethodStatusPASS testMethodStatusCONF">
               <td width="100%" class="firstMethodCell">
                  <a onclick="toggleDetailsVisibility('testcases.HomePageTest_tearDown_byStatus_passed_PASS2_details')">tearDown()</a>
               </td>
               <td nowrap="true">22:41:04</td>
               <td nowrap="true" align="right">6s
                  
               </td>
               <td nowrap="true">
                   
                  
               </td>
            </tr>
            <tr>
               <td colspan="4" class="detailsBox">
                  <div id="testcases.HomePageTest_tearDown_byStatus_passed_PASS2_details"
                       class="testMethodDetails">
                     <div>
                        <b>Name: </b>tearDown
                     </div>
                     <div>
                        <b>Signature: </b>tearDown()[pri:0, instance:testcases.HomePageTest@aa004a0]
                     </div>
                     <div>
                        <b>Start time: </b>22:41:04
                     </div>
                     <div>
                        <b>End time: </b>22:41:10
                     </div>
                     <div>
                        <b>Duration: </b>6s
                        
                     </div>
                  </div>
               </td>
            </tr>
            <tr></tr>
            <tr id="testcases.DashBoardTest_tearDown_byStatus_passed_PASS3_row"
                class="testMethodStatusPASS testMethodStatusCONF">
               <td width="100%" class="firstMethodCell">
                  <a onclick="toggleDetailsVisibility('testcases.DashBoardTest_tearDown_byStatus_passed_PASS3_details')">tearDown()</a>
               </td>
               <td nowrap="true">22:40:41</td>
               <td nowrap="true" align="right">6s
                  
               </td>
               <td nowrap="true">
                   
                  
               </td>
            </tr>
            <tr>
               <td colspan="4" class="detailsBox">
                  <div id="testcases.DashBoardTest_tearDown_byStatus_passed_PASS3_details"
                       class="testMethodDetails">
                     <div>
                        <b>Name: </b>tearDown
                     </div>
                     <div>
                        <b>Signature: </b>tearDown()[pri:0, instance:testcases.DashBoardTest@322803db]
                     </div>
                     <div>
                        <b>Start time: </b>22:40:41
                     </div>
                     <div>
                        <b>End time: </b>22:40:47
                     </div>
                     <div>
                        <b>Duration: </b>6s
                        
                     </div>
                  </div>
               </td>
            </tr>
            <tr></tr>
            <tr id="testcases.DashBoardTest_verifyAvailablePets_byStatus_passed_PASS4_row"
                class="testMethodStatusPASS">
               <td width="100%" class="firstMethodCell">
                  <a onclick="toggleDetailsVisibility('testcases.DashBoardTest_verifyAvailablePets_byStatus_passed_PASS4_details')">verifyAvailablePets(chrome
                     
                     ,
                     
                     Y)
                  </a>
               </td>
               <td nowrap="true">22:40:47</td>
               <td nowrap="true" align="right">7s
                  
               </td>
               <td nowrap="true">
                   
                  
               </td>
            </tr>
            <tr>
               <td colspan="4" class="detailsBox">
                  <div id="testcases.DashBoardTest_verifyAvailablePets_byStatus_passed_PASS4_details"
                       class="testMethodDetails">
                     <div>
                        <b>Name: </b>verifyAvailablePets
                     </div>
                     <div>
                        <b>Signature: </b>verifyAvailablePets(java.lang.String,java.lang.String)[pri:0, instance:testcases.DashBoardTest@322803db]
                     </div>
                     <div>
                        <b>Parameters: </b>
                        
                        chrome
                        
                        ,
                        
                        Y
                        
                        
                     </div>
                     <div>
                        <b>Start time: </b>22:40:47
                     </div>
                     <div>
                        <b>End time: </b>22:40:53
                     </div>
                     <div>
                        <b>Duration: </b>7s
                        
                     </div>
                  </div>
               </td>
            </tr>
            <tr></tr>
            <tr id="testcases.DashBoardTest_tearDown_byStatus_passed_PASS5_row"
                class="testMethodStatusPASS testMethodStatusCONF">
               <td width="100%" class="firstMethodCell">
                  <a onclick="toggleDetailsVisibility('testcases.DashBoardTest_tearDown_byStatus_passed_PASS5_details')">tearDown()</a>
               </td>
               <td nowrap="true">22:40:53</td>
               <td nowrap="true" align="right">6s
                  
               </td>
               <td nowrap="true">
                   
                  
               </td>
            </tr>
            <tr>
               <td colspan="4" class="detailsBox">
                  <div id="testcases.DashBoardTest_tearDown_byStatus_passed_PASS5_details"
                       class="testMethodDetails">
                     <div>
                        <b>Name: </b>tearDown
                     </div>
                     <div>
                        <b>Signature: </b>tearDown()[pri:0, instance:testcases.DashBoardTest@322803db]
                     </div>
                     <div>
                        <b>Start time: </b>22:40:53
                     </div>
                     <div>
                        <b>End time: </b>22:40:59
                     </div>
                     <div>
                        <b>Duration: </b>6s
                        
                     </div>
                  </div>
               </td>
            </tr>
            <tr></tr>
            <tr id="testcases.StoreEntryTest_VerifySignInButtonPresence_byStatus_passed_PASS6_row"
                class="testMethodStatusPASS">
               <td width="100%" class="firstMethodCell">
                  <a onclick="toggleDetailsVisibility('testcases.StoreEntryTest_VerifySignInButtonPresence_byStatus_passed_PASS6_details')">VerifySignInButtonPresence(chrome
                     
                     ,
                     
                     Y)
                  </a>
               </td>
               <td nowrap="true">22:41:10</td>
               <td nowrap="true" align="right">6s
                  
               </td>
               <td nowrap="true">
                   
                  
               </td>
            </tr>
            <tr>
               <td colspan="4" class="detailsBox">
                  <div id="testcases.StoreEntryTest_VerifySignInButtonPresence_byStatus_passed_PASS6_details"
                       class="testMethodDetails">
                     <div>
                        <b>Name: </b>VerifySignInButtonPresence
                     </div>
                     <div>
                        <b>Signature: </b>VerifySignInButtonPresence(java.lang.String,java.lang.String)[pri:0, instance:testcases.StoreEntryTest@7b2a3ff8]
                     </div>
                     <div>
                        <b>Parameters: </b>
                        
                        chrome
                        
                        ,
                        
                        Y
                        
                        
                     </div>
                     <div>
                        <b>Start time: </b>22:41:10
                     </div>
                     <div>
                        <b>End time: </b>22:41:15
                     </div>
                     <div>
                        <b>Duration: </b>6s
                        
                     </div>
                  </div>
               </td>
            </tr>
            <tr></tr>
            <tr id="testcases.StoreEntryTest_tearDown_byStatus_passed_PASS7_row"
                class="testMethodStatusPASS testMethodStatusCONF">
               <td width="100%" class="firstMethodCell">
                  <a onclick="toggleDetailsVisibility('testcases.StoreEntryTest_tearDown_byStatus_passed_PASS7_details')">tearDown()</a>
               </td>
               <td nowrap="true">22:41:15</td>
               <td nowrap="true" align="right">6s
                  
               </td>
               <td nowrap="true">
                   
                  
               </td>
            </tr>
            <tr>
               <td colspan="4" class="detailsBox">
                  <div id="testcases.StoreEntryTest_tearDown_byStatus_passed_PASS7_details"
                       class="testMethodDetails">
                     <div>
                        <b>Name: </b>tearDown
                     </div>
                     <div>
                        <b>Signature: </b>tearDown()[pri:0, instance:testcases.StoreEntryTest@7b2a3ff8]
                     </div>
                     <div>
                        <b>Start time: </b>22:41:15
                     </div>
                     <div>
                        <b>End time: </b>22:41:21
                     </div>
                     <div>
                        <b>Duration: </b>6s
                        
                     </div>
                  </div>
               </td>
            </tr>
            <tr></tr>
            <tr id="testcases.StoreEntryTest_VerifyStoreEntryTitle_byStatus_passed_PASS8_row"
                class="testMethodStatusPASS">
               <td width="100%" class="firstMethodCell">
                  <a onclick="toggleDetailsVisibility('testcases.StoreEntryTest_VerifyStoreEntryTitle_byStatus_passed_PASS8_details')">VerifyStoreEntryTitle(chrome
                     
                     ,
                     
                     Y)
                  </a>
               </td>
               <td nowrap="true">22:41:21</td>
               <td nowrap="true" align="right">6s
                  
               </td>
               <td nowrap="true">
                   
                  
               </td>
            </tr>
            <tr>
               <td colspan="4" class="detailsBox">
                  <div id="testcases.StoreEntryTest_VerifyStoreEntryTitle_byStatus_passed_PASS8_details"
                       class="testMethodDetails">
                     <div>
                        <b>Name: </b>VerifyStoreEntryTitle
                     </div>
                     <div>
                        <b>Signature: </b>VerifyStoreEntryTitle(java.lang.String,java.lang.String)[pri:0, instance:testcases.StoreEntryTest@7b2a3ff8]
                     </div>
                     <div>
                        <b>Parameters: </b>
                        
                        chrome
                        
                        ,
                        
                        Y
                        
                        
                     </div>
                     <div>
                        <b>Start time: </b>22:41:21
                     </div>
                     <div>
                        <b>End time: </b>22:41:27
                     </div>
                     <div>
                        <b>Duration: </b>6s
                        
                     </div>
                  </div>
               </td>
            </tr>
            <tr></tr>
            <tr id="testcases.StoreEntryTest_tearDown_byStatus_passed_PASS9_row"
                class="testMethodStatusPASS testMethodStatusCONF">
               <td width="100%" class="firstMethodCell">
                  <a onclick="toggleDetailsVisibility('testcases.StoreEntryTest_tearDown_byStatus_passed_PASS9_details')">tearDown()</a>
               </td>
               <td nowrap="true">22:41:27</td>
               <td nowrap="true" align="right">6s
                  
               </td>
               <td nowrap="true">
                   
                  
               </td>
            </tr>
            <tr>
               <td colspan="4" class="detailsBox">
                  <div id="testcases.StoreEntryTest_tearDown_byStatus_passed_PASS9_details"
                       class="testMethodDetails">
                     <div>
                        <b>Name: </b>tearDown
                     </div>
                     <div>
                        <b>Signature: </b>tearDown()[pri:0, instance:testcases.StoreEntryTest@7b2a3ff8]
                     </div>
                     <div>
                        <b>Start time: </b>22:41:27
                     </div>
                     <div>
                        <b>End time: </b>22:41:32
                     </div>
                     <div>
                        <b>Duration: </b>6s
                        
                     </div>
                  </div>
               </td>
            </tr>
            <tr></tr>
            <tr id="testcases.StoreEntryTest_Verifylogin_byStatus_passed_PASS10_row"
                class="testMethodStatusPASS">
               <td width="100%" class="firstMethodCell">
                  <a onclick="toggleDetailsVisibility('testcases.StoreEntryTest_Verifylogin_byStatus_passed_PASS10_details')">Verifylogin(chrome
                     
                     ,
                     
                     Y
                     
                     ,
                     
                     j2ee
                     
                     ,
                     
                     j2ee)
                  </a>
               </td>
               <td nowrap="true">22:41:32</td>
               <td nowrap="true" align="right">13s
                  
               </td>
               <td nowrap="true">
                   
                  
               </td>
            </tr>
            <tr>
               <td colspan="4" class="detailsBox">
                  <div id="testcases.StoreEntryTest_Verifylogin_byStatus_passed_PASS10_details"
                       class="testMethodDetails">
                     <div>
                        <b>Name: </b>Verifylogin
                     </div>
                     <div>
                        <b>Signature: </b>Verifylogin(java.lang.String,java.lang.String,java.lang.String,java.lang.String)[pri:0, instance:testcases.StoreEntryTest@7b2a3ff8]
                     </div>
                     <div>
                        <b>Parameters: </b>
                        
                        chrome
                        
                        ,
                        
                        Y
                        
                        ,
                        
                        j2ee
                        
                        ,
                        
                        j2ee
                        
                        
                     </div>
                     <div>
                        <b>Start time: </b>22:41:32
                     </div>
                     <div>
                        <b>End time: </b>22:41:45
                     </div>
                     <div>
                        <b>Duration: </b>13s
                        
                     </div>
                  </div>
               </td>
            </tr>
            <tr></tr>
            <tr id="testcases.StoreEntryTest_tearDown_byStatus_passed_PASS11_row"
                class="testMethodStatusPASS testMethodStatusCONF">
               <td width="100%" class="firstMethodCell">
                  <a onclick="toggleDetailsVisibility('testcases.StoreEntryTest_tearDown_byStatus_passed_PASS11_details')">tearDown()</a>
               </td>
               <td nowrap="true">22:41:45</td>
               <td nowrap="true" align="right">6s
                  
               </td>
               <td nowrap="true">
                   
                  
               </td>
            </tr>
            <tr>
               <td colspan="4" class="detailsBox">
                  <div id="testcases.StoreEntryTest_tearDown_byStatus_passed_PASS11_details"
                       class="testMethodDetails">
                     <div>
                        <b>Name: </b>tearDown
                     </div>
                     <div>
                        <b>Signature: </b>tearDown()[pri:0, instance:testcases.StoreEntryTest@7b2a3ff8]
                     </div>
                     <div>
                        <b>Start time: </b>22:41:45
                     </div>
                     <div>
                        <b>End time: </b>22:41:51
                     </div>
                     <div>
                        <b>Duration: </b>6s
                        
                     </div>
                  </div>
               </td>
            </tr>
            <tr></tr>
            <tr id="testcases.StoreEntryTest_Verifylogin_byStatus_passed_PASS12_row"
                class="testMethodStatusPASS">
               <td width="100%" class="firstMethodCell">
                  <a onclick="toggleDetailsVisibility('testcases.StoreEntryTest_Verifylogin_byStatus_passed_PASS12_details')">Verifylogin(chrome
                     
                     ,
                     
                     Y
                     
                     ,
                     
                     rinku
                     
                     ,
                     
                     j2ee)
                  </a>
               </td>
               <td nowrap="true">22:41:51</td>
               <td nowrap="true" align="right">13s
                  
               </td>
               <td nowrap="true">
                   
                  
               </td>
            </tr>
            <tr>
               <td colspan="4" class="detailsBox">
                  <div id="testcases.StoreEntryTest_Verifylogin_byStatus_passed_PASS12_details"
                       class="testMethodDetails">
                     <div>
                        <b>Name: </b>Verifylogin
                     </div>
                     <div>
                        <b>Signature: </b>Verifylogin(java.lang.String,java.lang.String,java.lang.String,java.lang.String)[pri:0, instance:testcases.StoreEntryTest@7b2a3ff8]
                     </div>
                     <div>
                        <b>Parameters: </b>
                        
                        chrome
                        
                        ,
                        
                        Y
                        
                        ,
                        
                        rinku
                        
                        ,
                        
                        j2ee
                        
                        
                     </div>
                     <div>
                        <b>Start time: </b>22:41:51
                     </div>
                     <div>
                        <b>End time: </b>22:42:04
                     </div>
                     <div>
                        <b>Duration: </b>13s
                        
                     </div>
                  </div>
               </td>
            </tr>
            <tr></tr>
            <tr id="testcases.StoreEntryTest_tearDown_byStatus_passed_PASS13_row"
                class="testMethodStatusPASS testMethodStatusCONF">
               <td width="100%" class="firstMethodCell">
                  <a onclick="toggleDetailsVisibility('testcases.StoreEntryTest_tearDown_byStatus_passed_PASS13_details')">tearDown()</a>
               </td>
               <td nowrap="true">22:42:04</td>
               <td nowrap="true" align="right">6s
                  
               </td>
               <td nowrap="true">
                   
                  
               </td>
            </tr>
            <tr>
               <td colspan="4" class="detailsBox">
                  <div id="testcases.StoreEntryTest_tearDown_byStatus_passed_PASS13_details"
                       class="testMethodDetails">
                     <div>
                        <b>Name: </b>tearDown
                     </div>
                     <div>
                        <b>Signature: </b>tearDown()[pri:0, instance:testcases.StoreEntryTest@7b2a3ff8]
                     </div>
                     <div>
                        <b>Start time: </b>22:42:04
                     </div>
                     <div>
                        <b>End time: </b>22:42:09
                     </div>
                     <div>
                        <b>Duration: </b>6s
                        
                     </div>
                  </div>
               </td>
            </tr>
            <tr></tr>
            <tr id="testcases.StoreEntryTest_tearDown_byStatus_passed_PASS14_row"
                class="testMethodStatusPASS testMethodStatusCONF">
               <td width="100%" class="firstMethodCell">
                  <a onclick="toggleDetailsVisibility('testcases.StoreEntryTest_tearDown_byStatus_passed_PASS14_details')">tearDown()</a>
               </td>
               <td nowrap="true">22:42:32</td>
               <td nowrap="true" align="right">6s
                  
               </td>
               <td nowrap="true">
                   
                  
               </td>
            </tr>
            <tr>
               <td colspan="4" class="detailsBox">
                  <div id="testcases.StoreEntryTest_tearDown_byStatus_passed_PASS14_details"
                       class="testMethodDetails">
                     <div>
                        <b>Name: </b>tearDown
                     </div>
                     <div>
                        <b>Signature: </b>tearDown()[pri:0, instance:testcases.StoreEntryTest@7b2a3ff8]
                     </div>
                     <div>
                        <b>Start time: </b>22:42:32
                     </div>
                     <div>
                        <b>End time: </b>22:42:37
                     </div>
                     <div>
                        <b>Duration: </b>6s
                        
                     </div>
                  </div>
               </td>
            </tr>
            <tr></tr>
            <tr id="testcases.StoreEntryTest_tearDown_byStatus_passed_PASS15_row"
                class="testMethodStatusPASS testMethodStatusCONF">
               <td width="100%" class="firstMethodCell">
                  <a onclick="toggleDetailsVisibility('testcases.StoreEntryTest_tearDown_byStatus_passed_PASS15_details')">tearDown()</a>
               </td>
               <td nowrap="true">22:43:00</td>
               <td nowrap="true" align="right">6s
                  
               </td>
               <td nowrap="true">
                   
                  
               </td>
            </tr>
            <tr>
               <td colspan="4" class="detailsBox">
                  <div id="testcases.StoreEntryTest_tearDown_byStatus_passed_PASS15_details"
                       class="testMethodDetails">
                     <div>
                        <b>Name: </b>tearDown
                     </div>
                     <div>
                        <b>Signature: </b>tearDown()[pri:0, instance:testcases.StoreEntryTest@7b2a3ff8]
                     </div>
                     <div>
                        <b>Start time: </b>22:43:00
                     </div>
                     <div>
                        <b>End time: </b>22:43:06
                     </div>
                     <div>
                        <b>Duration: </b>6s
                        
                     </div>
                  </div>
               </td>
            </tr>
            <tr></tr>
         </table>
      </div>
      <div id="testMethodsByClass" style="display: none;">
         <table class="testMethodsTable" cellpadding="0" cellspacing="0">
            <tr>
               <td colspan="4">
                  <h3 style="display: inline;">testcases.DashBoardTest</h3>
               </td>
            </tr>
            <tr class="methodsTableHeader">
               <td width="100%">Name</td>
               <td nowrap="true">Started</td>
               <td nowrap="true">Duration</td>
               <td>Exception</td>
            </tr>
            <tr id="testcases.DashBoardTest_verifyAllPets_byClass_FAIL1_row"
                class="testMethodStatusFAIL">
               <td width="100%" class="firstMethodCell">
                  <a onclick="toggleDetailsVisibility('testcases.DashBoardTest_verifyAllPets_byClass_FAIL1_details')">verifyAllPets(chrome
                     
                     ,
                     
                     Y)
                  </a>
               </td>
               <td nowrap="true">22:39:38</td>
               <td nowrap="true" align="right">1m
                  3s
                  
               </td>
               <td nowrap="true">
                  <a onclick="toggleDetailsVisibility('testcases.DashBoardTest_verifyAllPets_byClass_FAIL1_exception')">java.lang.AssertionError: 
                     The following asserts failed:
                     expected [Chihuahua] but found [Poodle],
                     expected [Labrador Retriever] but found [Dalmation],
                     expected [Golden Retriever] but found [Labrador Retriever],
                     expected [Dalmation] but found [Golden Retriever],
                     expected [Poodle] but found [Chihuahua],
                     expected [Iguana] but found [Rattlesnake],
                     expected [Rattlesnake] but found [Iguana],
                     expected [TigerShark] but found [Tiger Shark]
                     
                  </a>
                   
                  
               </td>
            </tr>
            <tr>
               <td colspan="4" class="detailsBox">
                  <div id="testcases.DashBoardTest_verifyAllPets_byClass_FAIL1_details"
                       class="testMethodDetails">
                     <div>
                        <b>Name: </b>verifyAllPets
                     </div>
                     <div>
                        <b>Signature: </b>verifyAllPets(java.lang.String,java.lang.String)[pri:0, instance:testcases.DashBoardTest@322803db]
                     </div>
                     <div>
                        <b>Parameters: </b>
                        
                        chrome
                        
                        ,
                        
                        Y
                        
                        
                     </div>
                     <div>
                        <b>Start time: </b>22:39:38
                     </div>
                     <div>
                        <b>End time: </b>22:40:41
                     </div>
                     <div>
                        <b>Duration: </b>1m
                        3s
                        
                     </div>
                  </div>
               </td>
            </tr>
            <tr>
               <td colspan="4" class="detailsBox">
                  <div id="testcases.DashBoardTest_verifyAllPets_byClass_FAIL1_exception"
                       class="testMethodDetails">
                     <pre style="padding: 5px; margin: 0;">java.lang.AssertionError: The following asserts failed:
                        expected [Chihuahua] but found [Poodle],
                        expected [Labrador Retriever] but found [Dalmation],
                        expected [Golden Retriever] but found [Labrador Retriever],
                        expected [Dalmation] but found [Golden Retriever],
                        expected [Poodle] but found [Chihuahua],
                        expected [Iguana] but found [Rattlesnake],
                        expected [Rattlesnake] but found [Iguana],
                        expected [TigerShark] but found [Tiger Shark]
                        at org.testng.asserts.SoftAssert.assertAll(SoftAssert.java:46)
                        at org.testng.asserts.SoftAssert.assertAll(SoftAssert.java:30)
                        at testcases.DashBoardTest.verifyAllPets(DashBoardTest.java:84)
                        at java.base/jdk.internal.reflect.NativeMethodAccessorImpl.invoke0(Native Method)
                        at java.base/jdk.internal.reflect.NativeMethodAccessorImpl.invoke(NativeMethodAccessorImpl.java:62)
                        at java.base/jdk.internal.reflect.DelegatingMethodAccessorImpl.invoke(DelegatingMethodAccessorImpl.java:43)
                        at java.base/java.lang.reflect.Method.invoke(Method.java:567)
                        at org.testng.internal.invokers.MethodInvocationHelper.invokeMethod(MethodInvocationHelper.java:139)
                        at org.testng.internal.invokers.TestInvoker.invokeMethod(TestInvoker.java:664)
                        at org.testng.internal.invokers.TestInvoker.invokeTestMethod(TestInvoker.java:228)
                        at org.testng.internal.invokers.MethodRunner.runInSequence(MethodRunner.java:63)
                        at org.testng.internal.invokers.TestInvoker$MethodInvocationAgent.invoke(TestInvoker.java:961)
                        at org.testng.internal.invokers.TestInvoker.invokeTestMethods(TestInvoker.java:201)
                        at org.testng.internal.invokers.TestMethodWorker.invokeTestMethods(TestMethodWorker.java:148)
                        at org.testng.internal.invokers.TestMethodWorker.run(TestMethodWorker.java:128)
                        at java.base/java.util.ArrayList.forEach(ArrayList.java:1540)
                        at org.testng.TestRunner.privateRun(TestRunner.java:819)
                        at org.testng.TestRunner.run(TestRunner.java:619)
                        at org.testng.SuiteRunner.runTest(SuiteRunner.java:443)
                        at org.testng.SuiteRunner.runSequentially(SuiteRunner.java:437)
                        at org.testng.SuiteRunner.privateRun(SuiteRunner.java:397)
                        at org.testng.SuiteRunner.run(SuiteRunner.java:336)
                        at org.testng.SuiteRunnerWorker.runSuite(SuiteRunnerWorker.java:52)
                        at org.testng.SuiteRunnerWorker.run(SuiteRunnerWorker.java:95)
                        at org.testng.TestNG.runSuitesSequentially(TestNG.java:1301)
                        at org.testng.TestNG.runSuitesLocally(TestNG.java:1228)
                        at org.testng.TestNG.runSuites(TestNG.java:1134)
                        at org.testng.TestNG.run(TestNG.java:1101)
                        at org.testng.TestNG.privateMain(TestNG.java:1461)
                        at org.testng.TestNG.main(TestNG.java:1425)
                     </pre>
                  </div>
               </td>
            </tr>
            <tr id="testcases.DashBoardTest_tearDown_byClass_PASS2_row"
                class="testMethodStatusPASS testMethodStatusCONF">
               <td width="100%" class="firstMethodCell">
                  <a onclick="toggleDetailsVisibility('testcases.DashBoardTest_tearDown_byClass_PASS2_details')">tearDown()</a>
               </td>
               <td nowrap="true">22:40:41</td>
               <td nowrap="true" align="right">6s
                  
               </td>
               <td nowrap="true">
                   
                  
               </td>
            </tr>
            <tr>
               <td colspan="4" class="detailsBox">
                  <div id="testcases.DashBoardTest_tearDown_byClass_PASS2_details"
                       class="testMethodDetails">
                     <div>
                        <b>Name: </b>tearDown
                     </div>
                     <div>
                        <b>Signature: </b>tearDown()[pri:0, instance:testcases.DashBoardTest@322803db]
                     </div>
                     <div>
                        <b>Start time: </b>22:40:41
                     </div>
                     <div>
                        <b>End time: </b>22:40:47
                     </div>
                     <div>
                        <b>Duration: </b>6s
                        
                     </div>
                  </div>
               </td>
            </tr>
            <tr></tr>
            <tr id="testcases.DashBoardTest_verifyAvailablePets_byClass_PASS3_row"
                class="testMethodStatusPASS">
               <td width="100%" class="firstMethodCell">
                  <a onclick="toggleDetailsVisibility('testcases.DashBoardTest_verifyAvailablePets_byClass_PASS3_details')">verifyAvailablePets(chrome
                     
                     ,
                     
                     Y)
                  </a>
               </td>
               <td nowrap="true">22:40:47</td>
               <td nowrap="true" align="right">7s
                  
               </td>
               <td nowrap="true">
                   
                  
               </td>
            </tr>
            <tr>
               <td colspan="4" class="detailsBox">
                  <div id="testcases.DashBoardTest_verifyAvailablePets_byClass_PASS3_details"
                       class="testMethodDetails">
                     <div>
                        <b>Name: </b>verifyAvailablePets
                     </div>
                     <div>
                        <b>Signature: </b>verifyAvailablePets(java.lang.String,java.lang.String)[pri:0, instance:testcases.DashBoardTest@322803db]
                     </div>
                     <div>
                        <b>Parameters: </b>
                        
                        chrome
                        
                        ,
                        
                        Y
                        
                        
                     </div>
                     <div>
                        <b>Start time: </b>22:40:47
                     </div>
                     <div>
                        <b>End time: </b>22:40:53
                     </div>
                     <div>
                        <b>Duration: </b>7s
                        
                     </div>
                  </div>
               </td>
            </tr>
            <tr></tr>
            <tr id="testcases.DashBoardTest_tearDown_byClass_PASS4_row"
                class="testMethodStatusPASS testMethodStatusCONF">
               <td width="100%" class="firstMethodCell">
                  <a onclick="toggleDetailsVisibility('testcases.DashBoardTest_tearDown_byClass_PASS4_details')">tearDown()</a>
               </td>
               <td nowrap="true">22:40:53</td>
               <td nowrap="true" align="right">6s
                  
               </td>
               <td nowrap="true">
                   
                  
               </td>
            </tr>
            <tr>
               <td colspan="4" class="detailsBox">
                  <div id="testcases.DashBoardTest_tearDown_byClass_PASS4_details"
                       class="testMethodDetails">
                     <div>
                        <b>Name: </b>tearDown
                     </div>
                     <div>
                        <b>Signature: </b>tearDown()[pri:0, instance:testcases.DashBoardTest@322803db]
                     </div>
                     <div>
                        <b>Start time: </b>22:40:53
                     </div>
                     <div>
                        <b>End time: </b>22:40:59
                     </div>
                     <div>
                        <b>Duration: </b>6s
                        
                     </div>
                  </div>
               </td>
            </tr>
            <tr></tr>
         </table>
         <br></br>
         <table class="testMethodsTable" cellpadding="0" cellspacing="0">
            <tr>
               <td colspan="4">
                  <h3 style="display: inline;">testcases.HomePageTest</h3>
               </td>
            </tr>
            <tr class="methodsTableHeader">
               <td width="100%">Name</td>
               <td nowrap="true">Started</td>
               <td nowrap="true">Duration</td>
               <td>Exception</td>
            </tr>
            <tr id="testcases.HomePageTest_VerifyHomePageTitle_byClass_PASS1_row"
                class="testMethodStatusPASS">
               <td width="100%" class="firstMethodCell">
                  <a onclick="toggleDetailsVisibility('testcases.HomePageTest_VerifyHomePageTitle_byClass_PASS1_details')">VerifyHomePageTitle(chrome
                     
                     ,
                     
                     Y)
                  </a>
               </td>
               <td nowrap="true">22:40:59</td>
               <td nowrap="true" align="right">5s
                  
               </td>
               <td nowrap="true">
                   
                  
               </td>
            </tr>
            <tr>
               <td colspan="4" class="detailsBox">
                  <div id="testcases.HomePageTest_VerifyHomePageTitle_byClass_PASS1_details"
                       class="testMethodDetails">
                     <div>
                        <b>Name: </b>VerifyHomePageTitle
                     </div>
                     <div>
                        <b>Signature: </b>VerifyHomePageTitle(java.lang.String,java.lang.String)[pri:0, instance:testcases.HomePageTest@aa004a0]
                     </div>
                     <div>
                        <b>Parameters: </b>
                        
                        chrome
                        
                        ,
                        
                        Y
                        
                        
                     </div>
                     <div>
                        <b>Start time: </b>22:40:59
                     </div>
                     <div>
                        <b>End time: </b>22:41:04
                     </div>
                     <div>
                        <b>Duration: </b>5s
                        
                     </div>
                  </div>
               </td>
            </tr>
            <tr></tr>
            <tr id="testcases.HomePageTest_tearDown_byClass_PASS2_row"
                class="testMethodStatusPASS testMethodStatusCONF">
               <td width="100%" class="firstMethodCell">
                  <a onclick="toggleDetailsVisibility('testcases.HomePageTest_tearDown_byClass_PASS2_details')">tearDown()</a>
               </td>
               <td nowrap="true">22:41:04</td>
               <td nowrap="true" align="right">6s
                  
               </td>
               <td nowrap="true">
                   
                  
               </td>
            </tr>
            <tr>
               <td colspan="4" class="detailsBox">
                  <div id="testcases.HomePageTest_tearDown_byClass_PASS2_details"
                       class="testMethodDetails">
                     <div>
                        <b>Name: </b>tearDown
                     </div>
                     <div>
                        <b>Signature: </b>tearDown()[pri:0, instance:testcases.HomePageTest@aa004a0]
                     </div>
                     <div>
                        <b>Start time: </b>22:41:04
                     </div>
                     <div>
                        <b>End time: </b>22:41:10
                     </div>
                     <div>
                        <b>Duration: </b>6s
                        
                     </div>
                  </div>
               </td>
            </tr>
            <tr></tr>
         </table>
         <br></br>
         <table class="testMethodsTable" cellpadding="0" cellspacing="0">
            <tr>
               <td colspan="4">
                  <h3 style="display: inline;">testcases.StoreEntryTest</h3>
               </td>
            </tr>
            <tr class="methodsTableHeader">
               <td width="100%">Name</td>
               <td nowrap="true">Started</td>
               <td nowrap="true">Duration</td>
               <td>Exception</td>
            </tr>
            <tr id="testcases.StoreEntryTest_VerifySignInButtonPresence_byClass_PASS1_row"
                class="testMethodStatusPASS">
               <td width="100%" class="firstMethodCell">
                  <a onclick="toggleDetailsVisibility('testcases.StoreEntryTest_VerifySignInButtonPresence_byClass_PASS1_details')">VerifySignInButtonPresence(chrome
                     
                     ,
                     
                     Y)
                  </a>
               </td>
               <td nowrap="true">22:41:10</td>
               <td nowrap="true" align="right">6s
                  
               </td>
               <td nowrap="true">
                   
                  
               </td>
            </tr>
            <tr>
               <td colspan="4" class="detailsBox">
                  <div id="testcases.StoreEntryTest_VerifySignInButtonPresence_byClass_PASS1_details"
                       class="testMethodDetails">
                     <div>
                        <b>Name: </b>VerifySignInButtonPresence
                     </div>
                     <div>
                        <b>Signature: </b>VerifySignInButtonPresence(java.lang.String,java.lang.String)[pri:0, instance:testcases.StoreEntryTest@7b2a3ff8]
                     </div>
                     <div>
                        <b>Parameters: </b>
                        
                        chrome
                        
                        ,
                        
                        Y
                        
                        
                     </div>
                     <div>
                        <b>Start time: </b>22:41:10
                     </div>
                     <div>
                        <b>End time: </b>22:41:15
                     </div>
                     <div>
                        <b>Duration: </b>6s
                        
                     </div>
                  </div>
               </td>
            </tr>
            <tr></tr>
            <tr id="testcases.StoreEntryTest_tearDown_byClass_PASS2_row"
                class="testMethodStatusPASS testMethodStatusCONF">
               <td width="100%" class="firstMethodCell">
                  <a onclick="toggleDetailsVisibility('testcases.StoreEntryTest_tearDown_byClass_PASS2_details')">tearDown()</a>
               </td>
               <td nowrap="true">22:41:15</td>
               <td nowrap="true" align="right">6s
                  
               </td>
               <td nowrap="true">
                   
                  
               </td>
            </tr>
            <tr>
               <td colspan="4" class="detailsBox">
                  <div id="testcases.StoreEntryTest_tearDown_byClass_PASS2_details"
                       class="testMethodDetails">
                     <div>
                        <b>Name: </b>tearDown
                     </div>
                     <div>
                        <b>Signature: </b>tearDown()[pri:0, instance:testcases.StoreEntryTest@7b2a3ff8]
                     </div>
                     <div>
                        <b>Start time: </b>22:41:15
                     </div>
                     <div>
                        <b>End time: </b>22:41:21
                     </div>
                     <div>
                        <b>Duration: </b>6s
                        
                     </div>
                  </div>
               </td>
            </tr>
            <tr></tr>
            <tr id="testcases.StoreEntryTest_VerifyStoreEntryTitle_byClass_PASS3_row"
                class="testMethodStatusPASS">
               <td width="100%" class="firstMethodCell">
                  <a onclick="toggleDetailsVisibility('testcases.StoreEntryTest_VerifyStoreEntryTitle_byClass_PASS3_details')">VerifyStoreEntryTitle(chrome
                     
                     ,
                     
                     Y)
                  </a>
               </td>
               <td nowrap="true">22:41:21</td>
               <td nowrap="true" align="right">6s
                  
               </td>
               <td nowrap="true">
                   
                  
               </td>
            </tr>
            <tr>
               <td colspan="4" class="detailsBox">
                  <div id="testcases.StoreEntryTest_VerifyStoreEntryTitle_byClass_PASS3_details"
                       class="testMethodDetails">
                     <div>
                        <b>Name: </b>VerifyStoreEntryTitle
                     </div>
                     <div>
                        <b>Signature: </b>VerifyStoreEntryTitle(java.lang.String,java.lang.String)[pri:0, instance:testcases.StoreEntryTest@7b2a3ff8]
                     </div>
                     <div>
                        <b>Parameters: </b>
                        
                        chrome
                        
                        ,
                        
                        Y
                        
                        
                     </div>
                     <div>
                        <b>Start time: </b>22:41:21
                     </div>
                     <div>
                        <b>End time: </b>22:41:27
                     </div>
                     <div>
                        <b>Duration: </b>6s
                        
                     </div>
                  </div>
               </td>
            </tr>
            <tr></tr>
            <tr id="testcases.StoreEntryTest_tearDown_byClass_PASS4_row"
                class="testMethodStatusPASS testMethodStatusCONF">
               <td width="100%" class="firstMethodCell">
                  <a onclick="toggleDetailsVisibility('testcases.StoreEntryTest_tearDown_byClass_PASS4_details')">tearDown()</a>
               </td>
               <td nowrap="true">22:41:27</td>
               <td nowrap="true" align="right">6s
                  
               </td>
               <td nowrap="true">
                   
                  
               </td>
            </tr>
            <tr>
               <td colspan="4" class="detailsBox">
                  <div id="testcases.StoreEntryTest_tearDown_byClass_PASS4_details"
                       class="testMethodDetails">
                     <div>
                        <b>Name: </b>tearDown
                     </div>
                     <div>
                        <b>Signature: </b>tearDown()[pri:0, instance:testcases.StoreEntryTest@7b2a3ff8]
                     </div>
                     <div>
                        <b>Start time: </b>22:41:27
                     </div>
                     <div>
                        <b>End time: </b>22:41:32
                     </div>
                     <div>
                        <b>Duration: </b>6s
                        
                     </div>
                  </div>
               </td>
            </tr>
            <tr></tr>
            <tr id="testcases.StoreEntryTest_Verifylogin_byClass_PASS5_row"
                class="testMethodStatusPASS">
               <td width="100%" class="firstMethodCell">
                  <a onclick="toggleDetailsVisibility('testcases.StoreEntryTest_Verifylogin_byClass_PASS5_details')">Verifylogin(chrome
                     
                     ,
                     
                     Y
                     
                     ,
                     
                     j2ee
                     
                     ,
                     
                     j2ee)
                  </a>
               </td>
               <td nowrap="true">22:41:32</td>
               <td nowrap="true" align="right">13s
                  
               </td>
               <td nowrap="true">
                   
                  
               </td>
            </tr>
            <tr>
               <td colspan="4" class="detailsBox">
                  <div id="testcases.StoreEntryTest_Verifylogin_byClass_PASS5_details"
                       class="testMethodDetails">
                     <div>
                        <b>Name: </b>Verifylogin
                     </div>
                     <div>
                        <b>Signature: </b>Verifylogin(java.lang.String,java.lang.String,java.lang.String,java.lang.String)[pri:0, instance:testcases.StoreEntryTest@7b2a3ff8]
                     </div>
                     <div>
                        <b>Parameters: </b>
                        
                        chrome
                        
                        ,
                        
                        Y
                        
                        ,
                        
                        j2ee
                        
                        ,
                        
                        j2ee
                        
                        
                     </div>
                     <div>
                        <b>Start time: </b>22:41:32
                     </div>
                     <div>
                        <b>End time: </b>22:41:45
                     </div>
                     <div>
                        <b>Duration: </b>13s
                        
                     </div>
                  </div>
               </td>
            </tr>
            <tr></tr>
            <tr id="testcases.StoreEntryTest_tearDown_byClass_PASS6_row"
                class="testMethodStatusPASS testMethodStatusCONF">
               <td width="100%" class="firstMethodCell">
                  <a onclick="toggleDetailsVisibility('testcases.StoreEntryTest_tearDown_byClass_PASS6_details')">tearDown()</a>
               </td>
               <td nowrap="true">22:41:45</td>
               <td nowrap="true" align="right">6s
                  
               </td>
               <td nowrap="true">
                   
                  
               </td>
            </tr>
            <tr>
               <td colspan="4" class="detailsBox">
                  <div id="testcases.StoreEntryTest_tearDown_byClass_PASS6_details"
                       class="testMethodDetails">
                     <div>
                        <b>Name: </b>tearDown
                     </div>
                     <div>
                        <b>Signature: </b>tearDown()[pri:0, instance:testcases.StoreEntryTest@7b2a3ff8]
                     </div>
                     <div>
                        <b>Start time: </b>22:41:45
                     </div>
                     <div>
                        <b>End time: </b>22:41:51
                     </div>
                     <div>
                        <b>Duration: </b>6s
                        
                     </div>
                  </div>
               </td>
            </tr>
            <tr></tr>
            <tr id="testcases.StoreEntryTest_Verifylogin_byClass_PASS7_row"
                class="testMethodStatusPASS">
               <td width="100%" class="firstMethodCell">
                  <a onclick="toggleDetailsVisibility('testcases.StoreEntryTest_Verifylogin_byClass_PASS7_details')">Verifylogin(chrome
                     
                     ,
                     
                     Y
                     
                     ,
                     
                     rinku
                     
                     ,
                     
                     j2ee)
                  </a>
               </td>
               <td nowrap="true">22:41:51</td>
               <td nowrap="true" align="right">13s
                  
               </td>
               <td nowrap="true">
                   
                  
               </td>
            </tr>
            <tr>
               <td colspan="4" class="detailsBox">
                  <div id="testcases.StoreEntryTest_Verifylogin_byClass_PASS7_details"
                       class="testMethodDetails">
                     <div>
                        <b>Name: </b>Verifylogin
                     </div>
                     <div>
                        <b>Signature: </b>Verifylogin(java.lang.String,java.lang.String,java.lang.String,java.lang.String)[pri:0, instance:testcases.StoreEntryTest@7b2a3ff8]
                     </div>
                     <div>
                        <b>Parameters: </b>
                        
                        chrome
                        
                        ,
                        
                        Y
                        
                        ,
                        
                        rinku
                        
                        ,
                        
                        j2ee
                        
                        
                     </div>
                     <div>
                        <b>Start time: </b>22:41:51
                     </div>
                     <div>
                        <b>End time: </b>22:42:04
                     </div>
                     <div>
                        <b>Duration: </b>13s
                        
                     </div>
                  </div>
               </td>
            </tr>
            <tr></tr>
            <tr id="testcases.StoreEntryTest_tearDown_byClass_PASS8_row"
                class="testMethodStatusPASS testMethodStatusCONF">
               <td width="100%" class="firstMethodCell">
                  <a onclick="toggleDetailsVisibility('testcases.StoreEntryTest_tearDown_byClass_PASS8_details')">tearDown()</a>
               </td>
               <td nowrap="true">22:42:04</td>
               <td nowrap="true" align="right">6s
                  
               </td>
               <td nowrap="true">
                   
                  
               </td>
            </tr>
            <tr>
               <td colspan="4" class="detailsBox">
                  <div id="testcases.StoreEntryTest_tearDown_byClass_PASS8_details"
                       class="testMethodDetails">
                     <div>
                        <b>Name: </b>tearDown
                     </div>
                     <div>
                        <b>Signature: </b>tearDown()[pri:0, instance:testcases.StoreEntryTest@7b2a3ff8]
                     </div>
                     <div>
                        <b>Start time: </b>22:42:04
                     </div>
                     <div>
                        <b>End time: </b>22:42:09
                     </div>
                     <div>
                        <b>Duration: </b>6s
                        
                     </div>
                  </div>
               </td>
            </tr>
            <tr></tr>
            <tr id="testcases.StoreEntryTest_Verifylogin_byClass_FAIL9_row"
                class="testMethodStatusFAIL">
               <td width="100%" class="firstMethodCell">
                  <a onclick="toggleDetailsVisibility('testcases.StoreEntryTest_Verifylogin_byClass_FAIL9_details')">Verifylogin(chrome
                     
                     ,
                     
                     Y
                     
                     ,
                     
                     j2ee
                     
                     ,
                     
                     rinku1806)
                  </a>
               </td>
               <td nowrap="true">22:42:09</td>
               <td nowrap="true" align="right">23s
                  
               </td>
               <td nowrap="true">
                  <a onclick="toggleDetailsVisibility('testcases.StoreEntryTest_Verifylogin_byClass_FAIL9_exception')">org.openqa.selenium.NoSuchElementException: 
                     no such element: Unable to locate element: {"method":"css selector","selector":"#WelcomeContent"}
                     (Session info: chrome=130.0.6723.92)
                     For documentation on this error, please visit: https://www.selenium.dev/documentation/webdriver/troubleshooting/errors#no-such-element-exception
                     Build info: version: '4.17.0', revision: 'e52b1be057*'
                     System info: os.name: 'Windows 10', os.arch: 'amd64', os.version: '10.0', java.version: '12.0.2'
                     Driver info: org.openqa.selenium.chrome.ChromeDriver
                     Command: [55d7a588b32866adc20461ba139e49b7, findElement {using=id, value=WelcomeContent}]
                     Capabilities {acceptInsecureCerts: false, browserName: chrome, browserVersion: 130.0.6723.92, chrome: {chromedriverVersion:
                     130.0.6723.91 (53ac07678369..., userDataDir: C:\Users\MSI\AppData\Local\...}, fedcm:accounts: true, goog:chromeOptions: {debuggerAddress:
                     localhost:57928}, networkConnectionEnabled: false, pageLoadStrategy: normal, platformName: windows, proxy: Proxy(), se:cdp:
                     ws://localhost:57928/devtoo..., se:cdpVersion: 130.0.6723.92, setWindowRect: true, strictFileInteractability: false, timeouts:
                     {implicit: 0, pageLoad: 300000, script: 30000}, unhandledPromptBehavior: dismiss and notify, webauthn:extension:credBlob:
                     true, webauthn:extension:largeBlob: true, webauthn:extension:minPinLength: true, webauthn:extension:prf: true, webauthn:virtualAuthenticators:
                     true}
                     Session ID: 55d7a588b32866adc20461ba139e49b7
                     
                  </a>
                   
                  
               </td>
            </tr>
            <tr>
               <td colspan="4" class="detailsBox">
                  <div id="testcases.StoreEntryTest_Verifylogin_byClass_FAIL9_details"
                       class="testMethodDetails">
                     <div>
                        <b>Name: </b>Verifylogin
                     </div>
                     <div>
                        <b>Signature: </b>Verifylogin(java.lang.String,java.lang.String,java.lang.String,java.lang.String)[pri:0, instance:testcases.StoreEntryTest@7b2a3ff8]
                     </div>
                     <div>
                        <b>Parameters: </b>
                        
                        chrome
                        
                        ,
                        
                        Y
                        
                        ,
                        
                        j2ee
                        
                        ,
                        
                        rinku1806
                        
                        
                     </div>
                     <div>
                        <b>Start time: </b>22:42:09
                     </div>
                     <div>
                        <b>End time: </b>22:42:32
                     </div>
                     <div>
                        <b>Duration: </b>23s
                        
                     </div>
                  </div>
               </td>
            </tr>
            <tr>
               <td colspan="4" class="detailsBox">
                  <div id="testcases.StoreEntryTest_Verifylogin_byClass_FAIL9_exception"
                       class="testMethodDetails">
                     <pre style="padding: 5px; margin: 0;">org.openqa.selenium.NoSuchElementException: no such element: Unable to locate element: {"method":"css selector","selector":"#WelcomeContent"}
                        (Session info: chrome=130.0.6723.92)
                        For documentation on this error, please visit: https://www.selenium.dev/documentation/webdriver/troubleshooting/errors#no-such-element-exception
                        Build info: version: '4.17.0', revision: 'e52b1be057*'
                        System info: os.name: 'Windows 10', os.arch: 'amd64', os.version: '10.0', java.version: '12.0.2'
                        Driver info: org.openqa.selenium.chrome.ChromeDriver
                        Command: [55d7a588b32866adc20461ba139e49b7, findElement {using=id, value=WelcomeContent}]
                        Capabilities {acceptInsecureCerts: false, browserName: chrome, browserVersion: 130.0.6723.92, chrome: {chromedriverVersion:
                        130.0.6723.91 (53ac07678369..., userDataDir: C:\Users\MSI\AppData\Local\...}, fedcm:accounts: true, goog:chromeOptions: {debuggerAddress:
                        localhost:57928}, networkConnectionEnabled: false, pageLoadStrategy: normal, platformName: windows, proxy: Proxy(), se:cdp:
                        ws://localhost:57928/devtoo..., se:cdpVersion: 130.0.6723.92, setWindowRect: true, strictFileInteractability: false, timeouts:
                        {implicit: 0, pageLoad: 300000, script: 30000}, unhandledPromptBehavior: dismiss and notify, webauthn:extension:credBlob:
                        true, webauthn:extension:largeBlob: true, webauthn:extension:minPinLength: true, webauthn:extension:prf: true, webauthn:virtualAuthenticators:
                        true}
                        Session ID: 55d7a588b32866adc20461ba139e49b7
                        at java.base/jdk.internal.reflect.NativeConstructorAccessorImpl.newInstance0(Native Method)
                        at java.base/jdk.internal.reflect.NativeConstructorAccessorImpl.newInstance(NativeConstructorAccessorImpl.java:62)
                        at java.base/jdk.internal.reflect.DelegatingConstructorAccessorImpl.newInstance(DelegatingConstructorAccessorImpl.java:45)
                        at java.base/java.lang.reflect.Constructor.newInstanceWithCaller(Constructor.java:500)
                        at java.base/java.lang.reflect.Constructor.newInstance(Constructor.java:481)
                        at org.openqa.selenium.remote.codec.w3c.W3CHttpResponseCodec.createException(W3CHttpResponseCodec.java:185)
                        at org.openqa.selenium.remote.codec.w3c.W3CHttpResponseCodec.decode(W3CHttpResponseCodec.java:134)
                        at org.openqa.selenium.remote.codec.w3c.W3CHttpResponseCodec.decode(W3CHttpResponseCodec.java:51)
                        at org.openqa.selenium.remote.HttpCommandExecutor.execute(HttpCommandExecutor.java:190)
                        at org.openqa.selenium.remote.service.DriverCommandExecutor.invokeExecute(DriverCommandExecutor.java:216)
                        at org.openqa.selenium.remote.service.DriverCommandExecutor.execute(DriverCommandExecutor.java:174)
                        at org.openqa.selenium.remote.RemoteWebDriver.execute(RemoteWebDriver.java:519)
                        at org.openqa.selenium.remote.ElementLocation$ElementFinder$2.findElement(ElementLocation.java:165)
                        at org.openqa.selenium.remote.ElementLocation.findElement(ElementLocation.java:66)
                        at org.openqa.selenium.remote.RemoteWebDriver.findElement(RemoteWebDriver.java:356)
                        at org.openqa.selenium.remote.RemoteWebDriver.findElement(RemoteWebDriver.java:350)
                        at org.openqa.selenium.support.pagefactory.DefaultElementLocator.findElement(DefaultElementLocator.java:68)
                        at org.openqa.selenium.support.pagefactory.internal.LocatingElementHandler.invoke(LocatingElementHandler.java:38)
                        at com.sun.proxy.$Proxy29.getText(Unknown Source)
                        at pages.DashBoard.getWelcomeContent(DashBoard.java:37)
                        at testcases.StoreEntryTest.Verifylogin(StoreEntryTest.java:74)
                        at java.base/jdk.internal.reflect.NativeMethodAccessorImpl.invoke0(Native Method)
                        at java.base/jdk.internal.reflect.NativeMethodAccessorImpl.invoke(NativeMethodAccessorImpl.java:62)
                        at java.base/jdk.internal.reflect.DelegatingMethodAccessorImpl.invoke(DelegatingMethodAccessorImpl.java:43)
                        at java.base/java.lang.reflect.Method.invoke(Method.java:567)
                        at org.testng.internal.invokers.MethodInvocationHelper.invokeMethod(MethodInvocationHelper.java:139)
                        at org.testng.internal.invokers.TestInvoker.invokeMethod(TestInvoker.java:664)
                        at org.testng.internal.invokers.TestInvoker.invokeTestMethod(TestInvoker.java:228)
                        at org.testng.internal.invokers.MethodRunner.runInSequence(MethodRunner.java:63)
                        at org.testng.internal.invokers.TestInvoker$MethodInvocationAgent.invoke(TestInvoker.java:961)
                        at org.testng.internal.invokers.TestInvoker.invokeTestMethods(TestInvoker.java:201)
                        at org.testng.internal.invokers.TestMethodWorker.invokeTestMethods(TestMethodWorker.java:148)
                        at org.testng.internal.invokers.TestMethodWorker.run(TestMethodWorker.java:128)
                        at java.base/java.util.ArrayList.forEach(ArrayList.java:1540)
                        at org.testng.TestRunner.privateRun(TestRunner.java:819)
                        at org.testng.TestRunner.run(TestRunner.java:619)
                        at org.testng.SuiteRunner.runTest(SuiteRunner.java:443)
                        at org.testng.SuiteRunner.runSequentially(SuiteRunner.java:437)
                        at org.testng.SuiteRunner.privateRun(SuiteRunner.java:397)
                        at org.testng.SuiteRunner.run(SuiteRunner.java:336)
                        at org.testng.SuiteRunnerWorker.runSuite(SuiteRunnerWorker.java:52)
                        at org.testng.SuiteRunnerWorker.run(SuiteRunnerWorker.java:95)
                        at org.testng.TestNG.runSuitesSequentially(TestNG.java:1301)
                        at org.testng.TestNG.runSuitesLocally(TestNG.java:1228)
                        at org.testng.TestNG.runSuites(TestNG.java:1134)
                        at org.testng.TestNG.run(TestNG.java:1101)
                        at org.testng.TestNG.privateMain(TestNG.java:1461)
                        at org.testng.TestNG.main(TestNG.java:1425)
                     </pre>
                  </div>
               </td>
            </tr>
            <tr id="testcases.StoreEntryTest_tearDown_byClass_PASS10_row"
                class="testMethodStatusPASS testMethodStatusCONF">
               <td width="100%" class="firstMethodCell">
                  <a onclick="toggleDetailsVisibility('testcases.StoreEntryTest_tearDown_byClass_PASS10_details')">tearDown()</a>
               </td>
               <td nowrap="true">22:42:32</td>
               <td nowrap="true" align="right">6s
                  
               </td>
               <td nowrap="true">
                   
                  
               </td>
            </tr>
            <tr>
               <td colspan="4" class="detailsBox">
                  <div id="testcases.StoreEntryTest_tearDown_byClass_PASS10_details"
                       class="testMethodDetails">
                     <div>
                        <b>Name: </b>tearDown
                     </div>
                     <div>
                        <b>Signature: </b>tearDown()[pri:0, instance:testcases.StoreEntryTest@7b2a3ff8]
                     </div>
                     <div>
                        <b>Start time: </b>22:42:32
                     </div>
                     <div>
                        <b>End time: </b>22:42:37
                     </div>
                     <div>
                        <b>Duration: </b>6s
                        
                     </div>
                  </div>
               </td>
            </tr>
            <tr></tr>
            <tr id="testcases.StoreEntryTest_Verifylogin_byClass_FAIL11_row"
                class="testMethodStatusFAIL">
               <td width="100%" class="firstMethodCell">
                  <a onclick="toggleDetailsVisibility('testcases.StoreEntryTest_Verifylogin_byClass_FAIL11_details')">Verifylogin(chrome
                     
                     ,
                     
                     Y
                     
                     ,
                     
                     rinku
                     
                     ,
                     
                     rinku1806)
                  </a>
               </td>
               <td nowrap="true">22:42:37</td>
               <td nowrap="true" align="right">22s
                  
               </td>
               <td nowrap="true">
                  <a onclick="toggleDetailsVisibility('testcases.StoreEntryTest_Verifylogin_byClass_FAIL11_exception')">org.openqa.selenium.NoSuchElementException: 
                     no such element: Unable to locate element: {"method":"css selector","selector":"#WelcomeContent"}
                     (Session info: chrome=130.0.6723.92)
                     For documentation on this error, please visit: https://www.selenium.dev/documentation/webdriver/troubleshooting/errors#no-such-element-exception
                     Build info: version: '4.17.0', revision: 'e52b1be057*'
                     System info: os.name: 'Windows 10', os.arch: 'amd64', os.version: '10.0', java.version: '12.0.2'
                     Driver info: org.openqa.selenium.chrome.ChromeDriver
                     Command: [345a69f653733d4f7cc8a44fba10e444, findElement {using=id, value=WelcomeContent}]
                     Capabilities {acceptInsecureCerts: false, browserName: chrome, browserVersion: 130.0.6723.92, chrome: {chromedriverVersion:
                     130.0.6723.91 (53ac07678369..., userDataDir: C:\Users\MSI\AppData\Local\...}, fedcm:accounts: true, goog:chromeOptions: {debuggerAddress:
                     localhost:57954}, networkConnectionEnabled: false, pageLoadStrategy: normal, platformName: windows, proxy: Proxy(), se:cdp:
                     ws://localhost:57954/devtoo..., se:cdpVersion: 130.0.6723.92, setWindowRect: true, strictFileInteractability: false, timeouts:
                     {implicit: 0, pageLoad: 300000, script: 30000}, unhandledPromptBehavior: dismiss and notify, webauthn:extension:credBlob:
                     true, webauthn:extension:largeBlob: true, webauthn:extension:minPinLength: true, webauthn:extension:prf: true, webauthn:virtualAuthenticators:
                     true}
                     Session ID: 345a69f653733d4f7cc8a44fba10e444
                     
                  </a>
                   
                  
               </td>
            </tr>
            <tr>
               <td colspan="4" class="detailsBox">
                  <div id="testcases.StoreEntryTest_Verifylogin_byClass_FAIL11_details"
                       class="testMethodDetails">
                     <div>
                        <b>Name: </b>Verifylogin
                     </div>
                     <div>
                        <b>Signature: </b>Verifylogin(java.lang.String,java.lang.String,java.lang.String,java.lang.String)[pri:0, instance:testcases.StoreEntryTest@7b2a3ff8]
                     </div>
                     <div>
                        <b>Parameters: </b>
                        
                        chrome
                        
                        ,
                        
                        Y
                        
                        ,
                        
                        rinku
                        
                        ,
                        
                        rinku1806
                        
                        
                     </div>
                     <div>
                        <b>Start time: </b>22:42:37
                     </div>
                     <div>
                        <b>End time: </b>22:43:00
                     </div>
                     <div>
                        <b>Duration: </b>22s
                        
                     </div>
                  </div>
               </td>
            </tr>
            <tr>
               <td colspan="4" class="detailsBox">
                  <div id="testcases.StoreEntryTest_Verifylogin_byClass_FAIL11_exception"
                       class="testMethodDetails">
                     <pre style="padding: 5px; margin: 0;">org.openqa.selenium.NoSuchElementException: no such element: Unable to locate element: {"method":"css selector","selector":"#WelcomeContent"}
                        (Session info: chrome=130.0.6723.92)
                        For documentation on this error, please visit: https://www.selenium.dev/documentation/webdriver/troubleshooting/errors#no-such-element-exception
                        Build info: version: '4.17.0', revision: 'e52b1be057*'
                        System info: os.name: 'Windows 10', os.arch: 'amd64', os.version: '10.0', java.version: '12.0.2'
                        Driver info: org.openqa.selenium.chrome.ChromeDriver
                        Command: [345a69f653733d4f7cc8a44fba10e444, findElement {using=id, value=WelcomeContent}]
                        Capabilities {acceptInsecureCerts: false, browserName: chrome, browserVersion: 130.0.6723.92, chrome: {chromedriverVersion:
                        130.0.6723.91 (53ac07678369..., userDataDir: C:\Users\MSI\AppData\Local\...}, fedcm:accounts: true, goog:chromeOptions: {debuggerAddress:
                        localhost:57954}, networkConnectionEnabled: false, pageLoadStrategy: normal, platformName: windows, proxy: Proxy(), se:cdp:
                        ws://localhost:57954/devtoo..., se:cdpVersion: 130.0.6723.92, setWindowRect: true, strictFileInteractability: false, timeouts:
                        {implicit: 0, pageLoad: 300000, script: 30000}, unhandledPromptBehavior: dismiss and notify, webauthn:extension:credBlob:
                        true, webauthn:extension:largeBlob: true, webauthn:extension:minPinLength: true, webauthn:extension:prf: true, webauthn:virtualAuthenticators:
                        true}
                        Session ID: 345a69f653733d4f7cc8a44fba10e444
                        at java.base/jdk.internal.reflect.NativeConstructorAccessorImpl.newInstance0(Native Method)
                        at java.base/jdk.internal.reflect.NativeConstructorAccessorImpl.newInstance(NativeConstructorAccessorImpl.java:62)
                        at java.base/jdk.internal.reflect.DelegatingConstructorAccessorImpl.newInstance(DelegatingConstructorAccessorImpl.java:45)
                        at java.base/java.lang.reflect.Constructor.newInstanceWithCaller(Constructor.java:500)
                        at java.base/java.lang.reflect.Constructor.newInstance(Constructor.java:481)
                        at org.openqa.selenium.remote.codec.w3c.W3CHttpResponseCodec.createException(W3CHttpResponseCodec.java:185)
                        at org.openqa.selenium.remote.codec.w3c.W3CHttpResponseCodec.decode(W3CHttpResponseCodec.java:134)
                        at org.openqa.selenium.remote.codec.w3c.W3CHttpResponseCodec.decode(W3CHttpResponseCodec.java:51)
                        at org.openqa.selenium.remote.HttpCommandExecutor.execute(HttpCommandExecutor.java:190)
                        at org.openqa.selenium.remote.service.DriverCommandExecutor.invokeExecute(DriverCommandExecutor.java:216)
                        at org.openqa.selenium.remote.service.DriverCommandExecutor.execute(DriverCommandExecutor.java:174)
                        at org.openqa.selenium.remote.RemoteWebDriver.execute(RemoteWebDriver.java:519)
                        at org.openqa.selenium.remote.ElementLocation$ElementFinder$2.findElement(ElementLocation.java:165)
                        at org.openqa.selenium.remote.ElementLocation.findElement(ElementLocation.java:66)
                        at org.openqa.selenium.remote.RemoteWebDriver.findElement(RemoteWebDriver.java:356)
                        at org.openqa.selenium.remote.RemoteWebDriver.findElement(RemoteWebDriver.java:350)
                        at org.openqa.selenium.support.pagefactory.DefaultElementLocator.findElement(DefaultElementLocator.java:68)
                        at org.openqa.selenium.support.pagefactory.internal.LocatingElementHandler.invoke(LocatingElementHandler.java:38)
                        at com.sun.proxy.$Proxy29.getText(Unknown Source)
                        at pages.DashBoard.getWelcomeContent(DashBoard.java:37)
                        at testcases.StoreEntryTest.Verifylogin(StoreEntryTest.java:74)
                        at java.base/jdk.internal.reflect.NativeMethodAccessorImpl.invoke0(Native Method)
                        at java.base/jdk.internal.reflect.NativeMethodAccessorImpl.invoke(NativeMethodAccessorImpl.java:62)
                        at java.base/jdk.internal.reflect.DelegatingMethodAccessorImpl.invoke(DelegatingMethodAccessorImpl.java:43)
                        at java.base/java.lang.reflect.Method.invoke(Method.java:567)
                        at org.testng.internal.invokers.MethodInvocationHelper.invokeMethod(MethodInvocationHelper.java:139)
                        at org.testng.internal.invokers.TestInvoker.invokeMethod(TestInvoker.java:664)
                        at org.testng.internal.invokers.TestInvoker.invokeTestMethod(TestInvoker.java:228)
                        at org.testng.internal.invokers.MethodRunner.runInSequence(MethodRunner.java:63)
                        at org.testng.internal.invokers.TestInvoker$MethodInvocationAgent.invoke(TestInvoker.java:961)
                        at org.testng.internal.invokers.TestInvoker.invokeTestMethods(TestInvoker.java:201)
                        at org.testng.internal.invokers.TestMethodWorker.invokeTestMethods(TestMethodWorker.java:148)
                        at org.testng.internal.invokers.TestMethodWorker.run(TestMethodWorker.java:128)
                        at java.base/java.util.ArrayList.forEach(ArrayList.java:1540)
                        at org.testng.TestRunner.privateRun(TestRunner.java:819)
                        at org.testng.TestRunner.run(TestRunner.java:619)
                        at org.testng.SuiteRunner.runTest(SuiteRunner.java:443)
                        at org.testng.SuiteRunner.runSequentially(SuiteRunner.java:437)
                        at org.testng.SuiteRunner.privateRun(SuiteRunner.java:397)
                        at org.testng.SuiteRunner.run(SuiteRunner.java:336)
                        at org.testng.SuiteRunnerWorker.runSuite(SuiteRunnerWorker.java:52)
                        at org.testng.SuiteRunnerWorker.run(SuiteRunnerWorker.java:95)
                        at org.testng.TestNG.runSuitesSequentially(TestNG.java:1301)
                        at org.testng.TestNG.runSuitesLocally(TestNG.java:1228)
                        at org.testng.TestNG.runSuites(TestNG.java:1134)
                        at org.testng.TestNG.run(TestNG.java:1101)
                        at org.testng.TestNG.privateMain(TestNG.java:1461)
                        at org.testng.TestNG.main(TestNG.java:1425)
                     </pre>
                  </div>
               </td>
            </tr>
            <tr id="testcases.StoreEntryTest_tearDown_byClass_PASS12_row"
                class="testMethodStatusPASS testMethodStatusCONF">
               <td width="100%" class="firstMethodCell">
                  <a onclick="toggleDetailsVisibility('testcases.StoreEntryTest_tearDown_byClass_PASS12_details')">tearDown()</a>
               </td>
               <td nowrap="true">22:43:00</td>
               <td nowrap="true" align="right">6s
                  
               </td>
               <td nowrap="true">
                   
                  
               </td>
            </tr>
            <tr>
               <td colspan="4" class="detailsBox">
                  <div id="testcases.StoreEntryTest_tearDown_byClass_PASS12_details"
                       class="testMethodDetails">
                     <div>
                        <b>Name: </b>tearDown
                     </div>
                     <div>
                        <b>Signature: </b>tearDown()[pri:0, instance:testcases.StoreEntryTest@7b2a3ff8]
                     </div>
                     <div>
                        <b>Start time: </b>22:43:00
                     </div>
                     <div>
                        <b>End time: </b>22:43:06
                     </div>
                     <div>
                        <b>Duration: </b>6s
                        
                     </div>
                  </div>
               </td>
            </tr>
            <tr></tr>
         </table>
         <br></br>
      </div>
      <div style="margin-top: 15px; color: gray; text-align: center; font-size: 9px;">
         Generated with
         
         <a href="http://code.google.com/p/testng-xslt/" style="color: #8888aa;"
            target="_blank">
            TestNG XSLT
            
         </a>
      </div>
   </body>
</html>