<?xml version="1.0" encoding="UTF-8"?>
<!-- Generated by org.testng.reporters.JUnitXMLReporter -->
<testsuite ignored="2" hostname="AAPDyOVVbECDsDj" failures="0" tests="1" name="Verifylogin" time="14.603" errors="0" timestamp="2024-05-30T12:55:54 IST">
  <testcase classname="testcases.StoreEntryTest" name="Verifylogin" time="14.385"/>
  <testcase classname="testcases.StoreEntryTest" name="VerifySignInButtonPresence" time="0.0">
    <ignored/>
  </testcase> <!-- VerifySignInButtonPresence -->
  <testcase classname="testcases.StoreEntryTest" name="VerifyStoreEntryTitle" time="0.0">
    <ignored/>
  </testcase> <!-- VerifyStoreEntryTitle -->
</testsuite> <!-- Verifylogin -->
