<?xml version="1.0" encoding="UTF-8"?>
<!-- Generated by org.testng.reporters.JUnitXMLReporter -->
<testsuite ignored="1" hostname="AAPDyOVVbECDsDj" failures="0" tests="1" name="verifyAvailablePets" time="13.282" errors="0" timestamp="2024-05-30T12:56:08 IST">
  <testcase classname="testcases.DashBoardTest" name="verifyAvailablePets" time="13.082"/>
  <testcase classname="testcases.DashBoardTest" name="verifyAllPets" time="0.0">
    <ignored/>
  </testcase> <!-- verifyAllPets -->
</testsuite> <!-- verifyAvailablePets -->
