<?xml version="1.0" encoding="UTF-8"?>
<!-- Generated by org.testng.reporters.JUnitXMLReporter -->
<testsuite ignored="2" hostname="AAPDyOVVbECDsDj" failures="0" tests="1" name="Verifylogin" time="15.276" errors="0" timestamp="2024-06-07T13:28:05 IST">
  <testcase classname="testcases.StoreEntryTest" name="Verifylogin" time="14.163"/>
  <testcase classname="testcases.StoreEntryTest" name="VerifySignInButtonPresence" time="0.0">
    <ignored/>
  </testcase> <!-- VerifySignInButtonPresence -->
  <testcase classname="testcases.StoreEntryTest" name="VerifyStoreEntryTitle" time="0.0">
    <ignored/>
  </testcase> <!-- VerifyStoreEntryTitle -->
</testsuite> <!-- Verifylogin -->
